#
# A fatal error has been detected by the Java Runtime Environment:
#
#  SIGSEGV (0xb) at pc=0x00007ffffe372cff, pid=1, tid=0x00007ffffc171700
#
# JRE version: OpenJDK Runtime Environment (8.0_292-b10) (build 1.8.0_292-8u292-b10-0ubuntu1~16.04.1-b10)
# Java VM: OpenJDK 64-Bit Server VM (25.292-b10 mixed mode linux-amd64 compressed oops)
# Problematic frame:
# V  [libjvm.so+0x9cecff]
#
# Failed to write core dump. Core dumps have been disabled. To enable core dumping, try "ulimit -c unlimited" before starting Java again
#
# If you would like to submit a bug report, please visit:
#   http://bugreport.java.com/bugreport/crash.jsp
#

---------------  T H R E A D  ---------------

Current thread (0x00007ffff8020000):  GCTaskThread [stack: 0x00007ffffc071000,0x00007ffffc172000] [id=8]

siginfo: si_signo: 11 (SIGSEGV), si_code: 1 (SEGV_MAPERR), si_addr: 0x0000000000000008

Registers:
RAX=0x0000000000000001, RBX=0x00007ffff81c4b40, RCX=0x0000000000000003, RDX=0x000000000000112b
RSP=0x00007ffffc170c20, RBP=0x00007ffffc170ca0, RSI=0x00007ffffe974100, RDI=0x0000000000000000
R8 =0x0000000000000000, R9 =0x00007ffff81c4c10, R10=0x0000000000000002, R11=0x0000000000000003
R12=0x00000000db25db60, R13=0x00007ffffe974110, R14=0x00000000db25db20, R15=0x00007ffff81c4b40
RIP=0x00007ffffe372cff, EFLAGS=0x0000000000000246, CSGSFS=0x0000000000000033, ERR=0x0000000000000004
  TRAPNO=0x000000000000000e

Top of Stack: (sp=0x00007ffffc170c20)
0x00007ffffc170c20:   00007ffffc170ca0 00007ffffe371f95
0x00007ffffc170c30:   0000000000000028 0000000000000005
0x00007ffffc170c40:   0000000000000000 00000000dd886ff8
0x00007ffffc170c50:   00000000dd881fc0 0000000000001000
0x00007ffffc170c60:   00007ffff8020f28 8b9cae1076c08f00
0x00007ffffc170c70:   00007ffffe9c94ff 00007ffff81c4b40
0x00007ffffc170c80:   0000000085cefb8c 00007ffffe974110
0x00007ffffc170c90:   0000000000000000 00007fffe8664781
0x00007ffffc170ca0:   00007ffffc170d20 00007ffffe372888
0x00007ffffc170cb0:   00007ffff81c4b40 00007ffff81c4be0
0x00007ffffc170cc0:   000000010002f338 0000000085cef21c
0x00007ffffc170cd0:   00007ffffc170d20 00007ffffe004349
0x00007ffffc170ce0:   00007ffff8020f28 000000000000001e
0x00007ffffc170cf0:   00007ffffc170d80 00007fffe8664781
0x00007ffffc170d00:   00007fffe8664781 00007ffff80185d0
0x00007ffffc170d10:   0000000085cf0018 00007fffe8664781
0x00007ffffc170d20:   00007ffffc170dd0 00007ffffdd7d4e8
0x00007ffffc170d30:   ffff80001799f400 0000000000000300
0x00007ffffc170d40:   00007fffe8661000 0000000000000400
0x00007ffffc170d50:   00007fffe8664700 0000000085ded440
0x00007ffffc170d60:   00007fffe8664800 0000000085cf0018
0x00007ffffc170d70:   00007fffe8664705 00007fffe8664f6b
0x00007ffffc170d80:   0000000085cf0018 00007ffff81c4b40
0x00007ffffc170d90:   00007fffe8664781 00007ffff8018310
0x00007ffffc170da0:   00007ffffc170dd0 00007ffff8055d30
0x00007ffffc170db0:   00007ffff81c4b40 00007ffffe546263
0x00007ffffc170dc0:   00007ffff8020000 00007ffffe9920b0
0x00007ffffc170dd0:   00007ffffc170e00 00007ffffe377079
0x00007ffffc170de0:   0000000000000008 00007ffffe377041
0x00007ffffc170df0:   0000000000000001 00007ffff8055d30
0x00007ffffc170e00:   00007ffffc170f10 00007ffffdf6d382
0x00007ffffc170e10:   00000000000003d8 00007ffff8020728 

Instructions: (pc=0x00007ffffe372cff)
0x00007ffffe372cdf:   03 0f 84 b2 01 00 00 48 8d 05 2d f6 61 00 49 89
0x00007ffffe372cef:   ff 0f b6 00 84 c0 0f 85 65 03 00 00 48 8b 7e 08
0x00007ffffe372cff:   8b 4f 08 83 f9 00 0f 8e d5 04 00 00 f6 c1 01 0f
0x00007ffffe372d0f:   85 dc 04 00 00 c1 f9 03 41 89 cd 41 f6 c6 01 4d 

Register to memory mapping:

RAX=0x0000000000000001 is an unknown value
RBX=0x00007ffff81c4b40 is an unknown value
RCX=0x0000000000000003 is an unknown value
RDX=0x000000000000112b is an unknown value
RSP=0x00007ffffc170c20 is an unknown value
RBP=0x00007ffffc170ca0 is an unknown value
RSI=0x00007ffffe974100: <offset 0xfd0100> in /usr/lib/jvm/java-8-openjdk-amd64/jre/lib/amd64/server/libjvm.so at 0x00007ffffd9a4000
RDI=0x0000000000000000 is an unknown value
R8 =0x0000000000000000 is an unknown value
R9 =0x00007ffff81c4c10 is an unknown value
R10=0x0000000000000002 is an unknown value
R11=0x0000000000000003 is an unknown value
R12=0x00000000db25db60 is an oop

[error occurred during error reporting (printing register info), id 0xb]

Stack: [0x00007ffffc071000,0x00007ffffc172000],  sp=0x00007ffffc170c20,  free space=1023k
Native frames: (J=compiled Java code, j=interpreted, Vv=VM code, C=native code)
V  [libjvm.so+0x9cecff]
V  [libjvm.so+0x9ce888]
V  [libjvm.so+0x3d94e8]
V  [libjvm.so+0x9d3079]
V  [libjvm.so+0x5c9382]
V  [libjvm.so+0x958fe2]


---------------  P R O C E S S  ---------------

Java Threads: ( => current thread )
  0x00007ffff8d2d000 JavaThread "Keep-Alive-Timer" daemon [_thread_blocked, id=27, stack(0x00007fff96ab0000,0x00007fff96bb1000)]
  0x00007ffff8225800 JavaThread "Service Thread" daemon [_thread_blocked, id=24, stack(0x00007fffe49e3000,0x00007fffe4ae4000)]
  0x00007ffff8210000 JavaThread "C1 CompilerThread3" daemon [_thread_blocked, id=23, stack(0x00007fffe4ae4000,0x00007fffe4be5000)]
  0x00007ffff820e000 JavaThread "C2 CompilerThread2" daemon [_thread_blocked, id=22, stack(0x00007fffe4be5000,0x00007fffe4ce6000)]
  0x00007ffff820c000 JavaThread "C2 CompilerThread1" daemon [_thread_blocked, id=21, stack(0x00007fffe4ce6000,0x00007fffe4de7000)]
  0x00007ffff8209000 JavaThread "C2 CompilerThread0" daemon [_thread_blocked, id=20, stack(0x00007fffe4de7000,0x00007fffe4ee8000)]
  0x00007ffff8206000 JavaThread "Signal Dispatcher" daemon [_thread_blocked, id=19, stack(0x00007fffe4ee8000,0x00007fffe4fe9000)]
  0x00007ffff81d6800 JavaThread "Finalizer" daemon [_thread_blocked, id=18, stack(0x00007fffe4fe9000,0x00007fffe50ea000)]
  0x00007ffff81d2000 JavaThread "Reference Handler" daemon [_thread_blocked, id=17, stack(0x00007fffe50ea000,0x00007fffe51eb000)]
  0x00007ffff800a800 JavaThread "main" [_thread_blocked, id=7, stack(0x00007ffffd002000,0x00007ffffd103000)]

Other Threads:
  0x00007ffff81c8800 VMThread [stack: 0x00007fffe51eb000,0x00007fffe52ec000] [id=16]
  0x00007ffff8228000 WatcherThread [stack: 0x00007fffe48e2000,0x00007fffe49e3000] [id=25]

=>0x00007ffff8020000 (exited) GCTaskThread [stack: 0x00007ffffc071000,0x00007ffffc172000] [id=8]

VM state:at safepoint (normal execution)

VM Mutex/Monitor currently owned by a thread:  ([mutex/lock_event])
[0x00007ffff8006d00] Threads_lock - owner thread: 0x00007ffff81c8800
[0x00007ffff8007200] Heap_lock - owner thread: 0x00007ffff800a800

heap address: 0x0000000085600000, size: 1962 MB, Compressed Oops mode: 32-bit
Narrow klass base: 0x0000000000000000, Narrow klass shift: 3
Compressed class space size: 1073741824 Address: 0x0000000100000000

Heap:
 PSYoungGen      total 108032K, used 108026K [0x00000000d7200000, 0x00000000de100000, 0x0000000100000000)
  eden space 102912K, 100% used [0x00000000d7200000,0x00000000dd680000,0x00000000dd680000)
  from space 5120K, 99% used [0x00000000ddc00000,0x00000000de0fe850,0x00000000de100000)
  to   space 5120K, 99% used [0x00000000dd700000,0x00000000ddbff090,0x00000000ddc00000)
 ParOldGen       total 53248K, used 10079K [0x0000000085600000, 0x0000000088a00000, 0x00000000d7200000)
  object space 53248K, 18% used [0x0000000085600000,0x0000000085fd7ec0,0x0000000088a00000)
 Metaspace       used 30507K, capacity 31394K, committed 31616K, reserved 1077248K
  class space    used 4000K, capacity 4120K, committed 4224K, reserved 1048576K

Card table byte_map: [0x00007fffe8661000,0x00007fffe8a37000] byte_map_base: 0x00007fffe8236000

Marking Bits: (ParMarkBitMap*) 0x00007ffffe99e8a0
 Begin Bits: [0x00007fffdc2b0000, 0x00007fffde158000)
 End Bits:   [0x00007fffde158000, 0x00007fffe0000000)

Polling page: 0x00007fffff3c7000

CodeCache: size=245760Kb used=13675Kb max_used=13675Kb free=232085Kb
 bounds [0x00007fffe8df7000, 0x00007fffe9b67000, 0x00007ffff7df7000]
 total_blobs=4076 nmethods=3603 adapters=387
 compilation: enabled

Compilation events (10 events):
Event: 7.547 Thread 0x00007ffff8210000 nmethod 3600 0x00007fffe9b552d0 code [0x00007fffe9b55440, 0x00007fffe9b557d0]
Event: 7.548 Thread 0x00007ffff8210000 3601       3       wdlTools.types.TypeInfer$$Lambda$182/1622135821::apply (24 bytes)
Event: 7.548 Thread 0x00007ffff8210000 nmethod 3601 0x00007fffe9b558d0 code [0x00007fffe9b55a60, 0x00007fffe9b55de8]
Event: 7.548 Thread 0x00007ffff8210000 3602       3       wdlTools.types.TypeInfer::$anonfun$applyOutputSection$2 (433 bytes)
Event: 7.549 Thread 0x00007ffff820e000 3605       4       java.lang.Integer::highestOneBit (38 bytes)
Event: 7.550 Thread 0x00007ffff820e000 nmethod 3605 0x00007fffe9b0cc90 code [0x00007fffe9b0cdc0, 0x00007fffe9b0ce38]
Event: 7.551 Thread 0x00007ffff8210000 nmethod 3602 0x00007fffe9b58b50 code [0x00007fffe9b59060, 0x00007fffe9b5ce88]
Event: 7.551 Thread 0x00007ffff8210000 3603       3       wdlTools.types.TypeContext$$Lambda$183/1296928719::apply (8 bytes)
Event: 7.551 Thread 0x00007ffff8210000 nmethod 3603 0x00007fffe9b58150 code [0x00007fffe9b58300, 0x00007fffe9b588f0]
Event: 7.551 Thread 0x00007ffff8210000 3604       3       wdlTools.types.TypeContext::$anonfun$bindOutputSection$1 (21 bytes)

GC Heap History (10 events):
Event: 1.855 GC heap after
Heap after GC invocations=1 (full 0):
 PSYoungGen      total 36864K, used 5110K [0x00000000d7200000, 0x00000000dba00000, 0x0000000100000000)
  eden space 31744K, 0% used [0x00000000d7200000,0x00000000d7200000,0x00000000d9100000)
  from space 5120K, 99% used [0x00000000d9100000,0x00000000d95fdb20,0x00000000d9600000)
  to   space 5120K, 0% used [0x00000000db500000,0x00000000db500000,0x00000000dba00000)
 ParOldGen       total 84992K, used 3405K [0x0000000085600000, 0x000000008a900000, 0x00000000d7200000)
  object space 84992K, 4% used [0x0000000085600000,0x00000000859536d8,0x000000008a900000)
 Metaspace       used 13466K, capacity 13680K, committed 13824K, reserved 1060864K
  class space    used 1626K, capacity 1695K, committed 1792K, reserved 1048576K
}
Event: 2.700 GC heap before
{Heap before GC invocations=2 (full 0):
 PSYoungGen      total 36864K, used 31495K [0x00000000d7200000, 0x00000000dba00000, 0x0000000100000000)
  eden space 31744K, 83% used [0x00000000d7200000,0x00000000d8bc4368,0x00000000d9100000)
  from space 5120K, 99% used [0x00000000d9100000,0x00000000d95fdb20,0x00000000d9600000)
  to   space 5120K, 0% used [0x00000000db500000,0x00000000db500000,0x00000000dba00000)
 ParOldGen       total 84992K, used 3405K [0x0000000085600000, 0x000000008a900000, 0x00000000d7200000)
  object space 84992K, 4% used [0x0000000085600000,0x00000000859536d8,0x000000008a900000)
 Metaspace       used 20819K, capacity 21152K, committed 21296K, reserved 1067008K
  class space    used 2812K, capacity 2887K, committed 2944K, reserved 1048576K
Event: 2.730 GC heap after
Heap after GC invocations=2 (full 0):
 PSYoungGen      total 68608K, used 5115K [0x00000000d7200000, 0x00000000dba00000, 0x0000000100000000)
  eden space 63488K, 0% used [0x00000000d7200000,0x00000000d7200000,0x00000000db000000)
  from space 5120K, 99% used [0x00000000db500000,0x00000000db9fecf0,0x00000000dba00000)
  to   space 5120K, 0% used [0x00000000db000000,0x00000000db000000,0x00000000db500000)
 ParOldGen       total 84992K, used 5377K [0x0000000085600000, 0x000000008a900000, 0x00000000d7200000)
  object space 84992K, 6% used [0x0000000085600000,0x0000000085b404b8,0x000000008a900000)
 Metaspace       used 20819K, capacity 21152K, committed 21296K, reserved 1067008K
  class space    used 2812K, capacity 2887K, committed 2944K, reserved 1048576K
}
Event: 2.731 GC heap before
{Heap before GC invocations=3 (full 1):
 PSYoungGen      total 68608K, used 5115K [0x00000000d7200000, 0x00000000dba00000, 0x0000000100000000)
  eden space 63488K, 0% used [0x00000000d7200000,0x00000000d7200000,0x00000000db000000)
  from space 5120K, 99% used [0x00000000db500000,0x00000000db9fecf0,0x00000000dba00000)
  to   space 5120K, 0% used [0x00000000db000000,0x00000000db000000,0x00000000db500000)
 ParOldGen       total 84992K, used 5377K [0x0000000085600000, 0x000000008a900000, 0x00000000d7200000)
  object space 84992K, 6% used [0x0000000085600000,0x0000000085b404b8,0x000000008a900000)
 Metaspace       used 20819K, capacity 21152K, committed 21296K, reserved 1067008K
  class space    used 2812K, capacity 2887K, committed 2944K, reserved 1048576K
Event: 2.783 GC heap after
Heap after GC invocations=3 (full 1):
 PSYoungGen      total 68608K, used 0K [0x00000000d7200000, 0x00000000dba00000, 0x0000000100000000)
  eden space 63488K, 0% used [0x00000000d7200000,0x00000000d7200000,0x00000000db000000)
  from space 5120K, 0% used [0x00000000db500000,0x00000000db500000,0x00000000dba00000)
  to   space 5120K, 0% used [0x00000000db000000,0x00000000db000000,0x00000000db500000)
 ParOldGen       total 53248K, used 6626K [0x0000000085600000, 0x0000000088a00000, 0x00000000d7200000)
  object space 53248K, 12% used [0x0000000085600000,0x0000000085c788c0,0x0000000088a00000)
 Metaspace       used 20819K, capacity 21152K, committed 21296K, reserved 1067008K
  class space    used 2812K, capacity 2887K, committed 2944K, reserved 1048576K
}
Event: 4.919 GC heap before
{Heap before GC invocations=4 (full 1):
 PSYoungGen      total 68608K, used 63488K [0x00000000d7200000, 0x00000000dba00000, 0x0000000100000000)
  eden space 63488K, 100% used [0x00000000d7200000,0x00000000db000000,0x00000000db000000)
  from space 5120K, 0% used [0x00000000db500000,0x00000000db500000,0x00000000dba00000)
  to   space 5120K, 0% used [0x00000000db000000,0x00000000db000000,0x00000000db500000)
 ParOldGen       total 53248K, used 6626K [0x0000000085600000, 0x0000000088a00000, 0x00000000d7200000)
  object space 53248K, 12% used [0x0000000085600000,0x0000000085c788c0,0x0000000088a00000)
 Metaspace       used 26909K, capacity 27440K, committed 27520K, reserved 1073152K
  class space    used 3586K, capacity 3698K, committed 3712K, reserved 1048576K
Event: 4.965 GC heap after
Heap after GC invocations=4 (full 1):
 PSYoungGen      total 68608K, used 5100K [0x00000000d7200000, 0x00000000de100000, 0x0000000100000000)
  eden space 63488K, 0% used [0x00000000d7200000,0x00000000d7200000,0x00000000db000000)
  from space 5120K, 99% used [0x00000000db000000,0x00000000db4fb020,0x00000000db500000)
  to   space 5120K, 0% used [0x00000000ddc00000,0x00000000ddc00000,0x00000000de100000)
 ParOldGen       total 53248K, used 7087K [0x0000000085600000, 0x0000000088a00000, 0x00000000d7200000)
  object space 53248K, 13% used [0x0000000085600000,0x0000000085cebd10,0x0000000088a00000)
 Metaspace       used 26909K, capacity 27440K, committed 27520K, reserved 1073152K
  class space    used 3586K, capacity 3698K, committed 3712K, reserved 1048576K
}
Event: 5.852 GC heap before
{Heap before GC invocations=5 (full 1):
 PSYoungGen      total 68608K, used 68588K [0x00000000d7200000, 0x00000000de100000, 0x0000000100000000)
  eden space 63488K, 100% used [0x00000000d7200000,0x00000000db000000,0x00000000db000000)
  from space 5120K, 99% used [0x00000000db000000,0x00000000db4fb020,0x00000000db500000)
  to   space 5120K, 0% used [0x00000000ddc00000,0x00000000ddc00000,0x00000000de100000)
 ParOldGen       total 53248K, used 7087K [0x0000000085600000, 0x0000000088a00000, 0x00000000d7200000)
  object space 53248K, 13% used [0x0000000085600000,0x0000000085cebd10,0x0000000088a00000)
 Metaspace       used 28194K, capacity 28848K, committed 28928K, reserved 1075200K
  class space    used 3732K, capacity 3834K, committed 3840K, reserved 1048576K
Event: 5.877 GC heap after
Heap after GC invocations=5 (full 1):
 PSYoungGen      total 108032K, used 5114K [0x00000000d7200000, 0x00000000de100000, 0x0000000100000000)
  eden space 102912K, 0% used [0x00000000d7200000,0x00000000d7200000,0x00000000dd680000)
  from space 5120K, 99% used [0x00000000ddc00000,0x00000000de0fe850,0x00000000de100000)
  to   space 5120K, 0% used [0x00000000dd700000,0x00000000dd700000,0x00000000ddc00000)
 ParOldGen       total 53248K, used 8117K [0x0000000085600000, 0x0000000088a00000, 0x00000000d7200000)
  object space 53248K, 15% used [0x0000000085600000,0x0000000085ded440,0x0000000088a00000)
 Metaspace       used 28194K, capacity 28848K, committed 28928K, reserved 1075200K
  class space    used 3732K, capacity 3834K, committed 3840K, reserved 1048576K
}
Event: 7.552 GC heap before
{Heap before GC invocations=6 (full 1):
 PSYoungGen      total 108032K, used 108026K [0x00000000d7200000, 0x00000000de100000, 0x0000000100000000)
  eden space 102912K, 100% used [0x00000000d7200000,0x00000000dd680000,0x00000000dd680000)
  from space 5120K, 99% used [0x00000000ddc00000,0x00000000de0fe850,0x00000000de100000)
  to   space 5120K, 0% used [0x00000000dd700000,0x00000000dd700000,0x00000000ddc00000)
 ParOldGen       total 53248K, used 8117K [0x0000000085600000, 0x0000000088a00000, 0x00000000d7200000)
  object space 53248K, 15% used [0x0000000085600000,0x0000000085ded440,0x0000000088a00000)
 Metaspace       used 30507K, capacity 31394K, committed 31616K, reserved 1077248K
  class space    used 4000K, capacity 4120K, committed 4224K, reserved 1048576K

Deoptimization events (10 events):
Event: 5.263 Thread 0x00007ffff800a800 Uncommon trap: reason=unstable_if action=reinterpret pc=0x00007fffe95bdf44 method=java.util.IdentityHashMap.get(Ljava/lang/Object;)Ljava/lang/Object; @ 43
Event: 6.701 Thread 0x00007ffff800a800 Uncommon trap: reason=unstable_if action=reinterpret pc=0x00007fffe96a4688 method=jdk.internal.org.objectweb.asm.Item.isEqualTo(Ljdk/internal/org/objectweb/asm/Item;)Z @ 331
Event: 6.714 Thread 0x00007ffff800a800 Uncommon trap: reason=class_check action=maybe_recompile pc=0x00007fffe97796c8 method=scala.collection.immutable.Vector$.from(Lscala/collection/IterableOnce;)Lscala/collection/immutable/Vector; @ 108
Event: 6.731 Thread 0x00007ffff800a800 Uncommon trap: reason=class_check action=maybe_recompile pc=0x00007fffe97796c8 method=scala.collection.immutable.Vector$.from(Lscala/collection/IterableOnce;)Lscala/collection/immutable/Vector; @ 108
Event: 6.732 Thread 0x00007ffff800a800 Uncommon trap: reason=class_check action=maybe_recompile pc=0x00007fffe97796c8 method=scala.collection.immutable.Vector$.from(Lscala/collection/IterableOnce;)Lscala/collection/immutable/Vector; @ 108
Event: 6.733 Thread 0x00007ffff800a800 Uncommon trap: reason=class_check action=maybe_recompile pc=0x00007fffe97796c8 method=scala.collection.immutable.Vector$.from(Lscala/collection/IterableOnce;)Lscala/collection/immutable/Vector; @ 108
Event: 6.820 Thread 0x00007ffff800a800 Uncommon trap: reason=class_check action=maybe_recompile pc=0x00007fffe97754f4 method=scala.Option.getOrElse(Lscala/Function0;)Ljava/lang/Object; @ 8
Event: 6.820 Thread 0x00007ffff800a800 Uncommon trap: reason=class_check action=maybe_recompile pc=0x00007fffe97754f4 method=scala.Option.getOrElse(Lscala/Function0;)Ljava/lang/Object; @ 8
Event: 6.820 Thread 0x00007ffff800a800 Uncommon trap: reason=class_check action=maybe_recompile pc=0x00007fffe97754f4 method=scala.Option.getOrElse(Lscala/Function0;)Ljava/lang/Object; @ 8
Event: 6.949 Thread 0x00007ffff800a800 Uncommon trap: reason=class_check action=maybe_recompile pc=0x00007fffe97754f4 method=scala.Option.getOrElse(Lscala/Function0;)Ljava/lang/Object; @ 8

Classes redefined (0 events):
No events

Internal exceptions (10 events):
Event: 1.633 Thread 0x00007ffff800a800 Exception <a 'java/security/PrivilegedActionException'> (0x00000000d8acdf08) thrown at [/build/openjdk-8-RKFhH1/openjdk-8-8u292-b10/src/hotspot/src/share/vm/prims/jvm.cpp, line 1523]
Event: 1.633 Thread 0x00007ffff800a800 Exception <a 'java/security/PrivilegedActionException'> (0x00000000d8ace4e8) thrown at [/build/openjdk-8-RKFhH1/openjdk-8-8u292-b10/src/hotspot/src/share/vm/prims/jvm.cpp, line 1523]
Event: 1.917 Thread 0x00007ffff800a800 Implicit null exception at 0x00007fffe8fb281b to 0x00007fffe8fb29e1
Event: 1.947 Thread 0x00007ffff800a800 Exception <a 'java/io/FileNotFoundException'> (0x00000000d736d558) thrown at [/build/openjdk-8-RKFhH1/openjdk-8-8u292-b10/src/hotspot/src/share/vm/prims/jni.cpp, line 711]
Event: 1.966 Thread 0x00007ffff800a800 Implicit null exception at 0x00007fffe9036ce1 to 0x00007fffe9037795
Event: 3.432 Thread 0x00007ffff800a800 Exception <a 'java/lang/NoSuchMethodError': java.lang.Object.$anonfun$strictOptimizedCollect$1(Ljava/lang/Object;Ljava/lang/Object;)Ljava/lang/Object;> (0x00000000d90b9628) thrown at [/build/openjdk-8-RKFhH1/openjdk-8-8u292-b10/src/hotspot/src/share/vm/in
Event: 3.433 Thread 0x00007ffff800a800 Exception <a 'java/lang/NoSuchMethodError': java.lang.Object.$anonfun$unzip$1(Lscala/Function1;Lscala/collection/mutable/Builder;Lscala/collection/mutable/Builder;Ljava/lang/Object;)Lscala/collection/mutable/Builder;> (0x00000000d90bdd10) thrown at [/buil
Event: 3.667 Thread 0x00007ffff800a800 Implicit null exception at 0x00007fffe902939a to 0x00007fffe90297e5
Event: 4.545 Thread 0x00007ffff800a800 Implicit null exception at 0x00007fffe94ac138 to 0x00007fffe94ac275
Event: 6.712 Thread 0x00007ffff800a800 Exception <a 'java/lang/NoSuchMethodError': java.lang.Object.$anonfun$groupBy$1(Lscala/collection/IterableOps;)Lscala/collection/mutable/Builder;> (0x00000000dbac27a0) thrown at [/build/openjdk-8-RKFhH1/openjdk-8-8u292-b10/src/hotspot/src/share/vm/interpr

Events (10 events):
Event: 7.484 loading class wdlTools/types/TypeInfer done
Event: 7.485 loading class wdlTools/types/WdlTypes$T_Workflow
Event: 7.485 loading class wdlTools/types/WdlTypes$T_Workflow done
Event: 7.485 loading class wdlTools/types/TypedAbstractSyntax$Workflow
Event: 7.485 loading class wdlTools/types/TypedAbstractSyntax$Workflow done
Event: 7.486 loading class wdlTools/types/TypedAbstractSyntax$Workflow$
Event: 7.486 loading class wdlTools/types/TypedAbstractSyntax$Workflow$ done
Event: 7.511 Executing VM operation: ForceSafepoint
Event: 7.512 Executing VM operation: ForceSafepoint done
Event: 7.551 Executing VM operation: ParallelGCFailedAllocation


Dynamic libraries:
85600000-88a00000 rw-p 00000000 00:00 0 
88a00000-d7200000 ---p 00000000 00:00 0 
d7200000-de100000 rw-p 00000000 00:00 0 
de100000-100000000 ---p 00000000 00:00 0 
100000000-100420000 rw-p 00000000 00:00 0 
100420000-140000000 ---p 00000000 00:00 0 
555555554000-555555555000 r-xp 00000000 fe:01 2241898                    /usr/lib/jvm/java-8-openjdk-amd64/jre/bin/java
555555555000-555555754000 ---p 00000000 00:00 0 
555555754000-555555755000 r--p 00000000 fe:01 2241898                    /usr/lib/jvm/java-8-openjdk-amd64/jre/bin/java
555555755000-555555756000 rw-p 00001000 fe:01 2241898                    /usr/lib/jvm/java-8-openjdk-amd64/jre/bin/java
555555756000-555555777000 rw-p 00000000 00:00 0 
7fff88000000-7fff88021000 rw-p 00000000 00:00 0 
7fff88021000-7fff8c000000 ---p 00000000 00:00 0 
7fff90000000-7fff90021000 rw-p 00000000 00:00 0 
7fff90021000-7fff94000000 ---p 00000000 00:00 0 
7fff965af000-7fff9666f000 rw-p 00000000 00:00 0 
7fff9666f000-7fff967b2000 ---p 00000000 00:00 0 
7fff967b2000-7fff96ab0000 rw-p 00000000 00:00 0 
7fff96ab0000-7fff96ab3000 ---p 00000000 00:00 0 
7fff96ab3000-7fff96db1000 rw-p 00000000 00:00 0 
7fff96db1000-7fff96dc8000 r-xp 00000000 fe:01 2146746                    /lib/x86_64-linux-gnu/libresolv-2.23.so
7fff96dc8000-7fff96fc8000 ---p 00017000 fe:01 2146746                    /lib/x86_64-linux-gnu/libresolv-2.23.so
7fff96fc8000-7fff96fc9000 r--p 00017000 fe:01 2146746                    /lib/x86_64-linux-gnu/libresolv-2.23.so
7fff96fc9000-7fff96fca000 rw-p 00018000 fe:01 2146746                    /lib/x86_64-linux-gnu/libresolv-2.23.so
7fff96fca000-7fff96fcc000 rw-p 00000000 00:00 0 
7fff96fcc000-7fff96fd1000 r-xp 00000000 fe:01 2146721                    /lib/x86_64-linux-gnu/libnss_dns-2.23.so
7fff96fd1000-7fff971d1000 ---p 00005000 fe:01 2146721                    /lib/x86_64-linux-gnu/libnss_dns-2.23.so
7fff971d1000-7fff971d2000 r--p 00005000 fe:01 2146721                    /lib/x86_64-linux-gnu/libnss_dns-2.23.so
7fff971d2000-7fff971d3000 rw-p 00006000 fe:01 2146721                    /lib/x86_64-linux-gnu/libnss_dns-2.23.so
7fff971d3000-7fff973d3000 rw-p 00000000 00:00 0 
7fff973d3000-7fff973fb000 r-xp 00000000 fe:01 2241942                    /usr/lib/jvm/java-8-openjdk-amd64/jre/lib/amd64/libsunec.so
7fff973fb000-7fff975fb000 ---p 00028000 fe:01 2241942                    /usr/lib/jvm/java-8-openjdk-amd64/jre/lib/amd64/libsunec.so
7fff975fb000-7fff975ff000 r--p 00028000 fe:01 2241942                    /usr/lib/jvm/java-8-openjdk-amd64/jre/lib/amd64/libsunec.so
7fff975ff000-7fff97600000 rw-p 0002c000 fe:01 2241942                    /usr/lib/jvm/java-8-openjdk-amd64/jre/lib/amd64/libsunec.so
7fff97600000-7fff977c0000 rw-p 00000000 00:00 0 
7fff977c0000-7fff979ec000 rw-p 00000000 00:00 0 
7fff979ec000-7fff97bc0000 rw-p 00000000 00:00 0 
7fff97bc0000-7fff97dc0000 rw-p 00000000 00:00 0 
7fff97dc0000-7fff98000000 rw-p 00000000 00:00 0 
7fff98000000-7fff98021000 rw-p 00000000 00:00 0 
7fff98021000-7fff9c000000 ---p 00000000 00:00 0 
7fff9c000000-7fff9c021000 rw-p 00000000 00:00 0 
7fff9c021000-7fffa0000000 ---p 00000000 00:00 0 
7fffa0000000-7fffa07e0000 rw-p 00000000 00:00 0 
7fffa07e0000-7fffa4000000 ---p 00000000 00:00 0 
7fffa4000000-7fffa479c000 rw-p 00000000 00:00 0 
7fffa479c000-7fffa8000000 ---p 00000000 00:00 0 
7fffa8000000-7fffa8652000 rw-p 00000000 00:00 0 
7fffa8652000-7fffac000000 ---p 00000000 00:00 0 
7fffac000000-7fffac580000 rw-p 00000000 00:00 0 
7fffac580000-7fffb0000000 ---p 00000000 00:00 0 
7fffb0000000-7fffb0021000 rw-p 00000000 00:00 0 
7fffb0021000-7fffb4000000 ---p 00000000 00:00 0 
7fffb4000000-7fffb4021000 rw-p 00000000 00:00 0 
7fffb4021000-7fffb8000000 ---p 00000000 00:00 0 
7fffb8000000-7fffb8021000 rw-p 00000000 00:00 0 
7fffb8021000-7fffbc000000 ---p 00000000 00:00 0 
7fffbc000000-7fffbc021000 rw-p 00000000 00:00 0 
7fffbc021000-7fffc0000000 ---p 00000000 00:00 0 
7fffc0000000-7fffc0021000 rw-p 00000000 00:00 0 
7fffc0021000-7fffc4000000 ---p 00000000 00:00 0 
7fffc4000000-7fffc4021000 rw-p 00000000 00:00 0 
7fffc4021000-7fffc8000000 ---p 00000000 00:00 0 
7fffc8000000-7fffc8021000 rw-p 00000000 00:00 0 
7fffc8021000-7fffcc000000 ---p 00000000 00:00 0 
7fffcc000000-7fffcc021000 rw-p 00000000 00:00 0 
7fffcc021000-7fffd0000000 ---p 00000000 00:00 0 
7fffd0000000-7fffd0021000 rw-p 00000000 00:00 0 
7fffd0021000-7fffd4000000 ---p 00000000 00:00 0 
7fffd4000000-7fffd4021000 rw-p 00000000 00:00 0 
7fffd4021000-7fffd8000000 ---p 00000000 00:00 0 
7fffd8000000-7fffd8021000 rw-p 00000000 00:00 0 
7fffd8021000-7fffdc000000 ---p 00000000 00:00 0 
7fffdc0b0000-7fffe0000000 rw-p 00000000 00:00 0 
7fffe0000000-7fffe0021000 rw-p 00000000 00:00 0 
7fffe0021000-7fffe4000000 ---p 00000000 00:00 0 
7fffe40fa000-7fffe410d000 r--s 0034b000 fe:01 2242005                    /usr/lib/jvm/java-8-openjdk-amd64/jre/lib/resources.jar
7fffe410d000-7fffe411e000 r--s 001bf000 fe:01 2241992                    /usr/lib/jvm/java-8-openjdk-amd64/jre/lib/jsse.jar
7fffe411e000-7fffe4136000 r-xp 00000000 fe:01 2241937                    /usr/lib/jvm/java-8-openjdk-amd64/jre/lib/amd64/libnet.so
7fffe4136000-7fffe4335000 ---p 00018000 fe:01 2241937                    /usr/lib/jvm/java-8-openjdk-amd64/jre/lib/amd64/libnet.so
7fffe4335000-7fffe4336000 r--p 00017000 fe:01 2241937                    /usr/lib/jvm/java-8-openjdk-amd64/jre/lib/amd64/libnet.so
7fffe4336000-7fffe4337000 rw-p 00018000 fe:01 2241937                    /usr/lib/jvm/java-8-openjdk-amd64/jre/lib/amd64/libnet.so
7fffe4337000-7fffe4349000 r-xp 00000000 fe:01 2241938                    /usr/lib/jvm/java-8-openjdk-amd64/jre/lib/amd64/libnio.so
7fffe4349000-7fffe4548000 ---p 00012000 fe:01 2241938                    /usr/lib/jvm/java-8-openjdk-amd64/jre/lib/amd64/libnio.so
7fffe4548000-7fffe4549000 r--p 00011000 fe:01 2241938                    /usr/lib/jvm/java-8-openjdk-amd64/jre/lib/amd64/libnio.so
7fffe4549000-7fffe454a000 rw-p 00012000 fe:01 2241938                    /usr/lib/jvm/java-8-openjdk-amd64/jre/lib/amd64/libnio.so
7fffe454a000-7fffe48c7000 r--s 04a64000 fe:01 2243461                    /dxCompiler.jar
7fffe48c7000-7fffe48e2000 r--s 00394000 fe:01 2241963                    /usr/lib/jvm/java-8-openjdk-amd64/jre/lib/ext/cldrdata.jar
7fffe48e2000-7fffe48e3000 ---p 00000000 00:00 0 
7fffe48e3000-7fffe49e3000 rw-p 00000000 00:00 0 
7fffe49e3000-7fffe49e6000 ---p 00000000 00:00 0 
7fffe49e6000-7fffe4ae4000 rw-p 00000000 00:00 0 
7fffe4ae4000-7fffe4ae7000 ---p 00000000 00:00 0 
7fffe4ae7000-7fffe4be5000 rw-p 00000000 00:00 0 
7fffe4be5000-7fffe4be8000 ---p 00000000 00:00 0 
7fffe4be8000-7fffe4ce6000 rw-p 00000000 00:00 0 
7fffe4ce6000-7fffe4ce9000 ---p 00000000 00:00 0 
7fffe4ce9000-7fffe4de7000 rw-p 00000000 00:00 0 
7fffe4de7000-7fffe4dea000 ---p 00000000 00:00 0 
7fffe4dea000-7fffe4ee8000 rw-p 00000000 00:00 0 
7fffe4ee8000-7fffe4eeb000 ---p 00000000 00:00 0 
7fffe4eeb000-7fffe4fe9000 rw-p 00000000 00:00 0 
7fffe4fe9000-7fffe4fec000 ---p 00000000 00:00 0 
7fffe4fec000-7fffe50ea000 rw-p 00000000 00:00 0 
7fffe50ea000-7fffe50ed000 ---p 00000000 00:00 0 
7fffe50ed000-7fffe51eb000 rw-p 00000000 00:00 0 
7fffe51eb000-7fffe51ec000 ---p 00000000 00:00 0 
7fffe51ec000-7fffe6e55000 rw-p 00000000 00:00 0 
7fffe6e55000-7fffe7026000 r--s 03ca5000 fe:01 2242006                    /usr/lib/jvm/java-8-openjdk-amd64/jre/lib/rt.jar
7fffe7026000-7fffe7ccc000 rw-p 00000000 00:00 0 
7fffe7ccc000-7fffe7ccd000 ---p 00000000 00:00 0 
7fffe7ccd000-7fffe7dcd000 rw-p 00000000 00:00 0 
7fffe7dcd000-7fffe7dce000 ---p 00000000 00:00 0 
7fffe7dce000-7fffe7ece000 rw-p 00000000 00:00 0 
7fffe7ece000-7fffe7ecf000 ---p 00000000 00:00 0 
7fffe7ecf000-7fffe7fcf000 rw-p 00000000 00:00 0 
7fffe7fcf000-7fffe7fd0000 ---p 00000000 00:00 0 
7fffe7fd0000-7fffe80d0000 rw-p 00000000 00:00 0 
7fffe80d0000-7fffe80d1000 ---p 00000000 00:00 0 
7fffe80d1000-7fffe81d1000 rw-p 00000000 00:00 0 
7fffe81d1000-7fffe81d2000 ---p 00000000 00:00 0 
7fffe81d2000-7fffe82d2000 rw-p 00000000 00:00 0 
7fffe82d2000-7fffe82d3000 ---p 00000000 00:00 0 
7fffe82d3000-7fffe83ed000 rw-p 00000000 00:00 0 
7fffe83ed000-7fffe8661000 ---p 00000000 00:00 0 
7fffe8661000-7fffe867b000 rw-p 00000000 00:00 0 
7fffe867b000-7fffe88ef000 ---p 00000000 00:00 0 
7fffe88ef000-7fffe8927000 rw-p 00000000 00:00 0 
7fffe8927000-7fffe8a36000 ---p 00000000 00:00 0 
7fffe8a36000-7fffe8a6d000 rw-p 00000000 00:00 0 
7fffe8a6d000-7fffe8df7000 ---p 00000000 00:00 0 
7fffe8df7000-7fffe8df8000 r-xp 00000000 00:00 0 
7fffe8df8000-7fffe8dfc000 rwxp 00000000 00:00 0 
7fffe8dfc000-7fffe8dfd000 r-xp 00000000 00:00 0 
7fffe8dfd000-7fffe8dfe000 rwxp 00000000 00:00 0 
7fffe8dfe000-7fffe8e01000 r-xp 00000000 00:00 0 
7fffe8e01000-7fffe8e03000 rwxp 00000000 00:00 0 
7fffe8e03000-7fffe8e04000 r-xp 00000000 00:00 0 
7fffe8e04000-7fffe8e08000 rwxp 00000000 00:00 0 
7fffe8e08000-7fffe8e0d000 r-xp 00000000 00:00 0 
7fffe8e0d000-7fffe8e0e000 rwxp 00000000 00:00 0 
7fffe8e0e000-7fffe8e20000 r-xp 00000000 00:00 0 
7fffe8e20000-7fffe8e3c000 rwxp 00000000 00:00 0 
7fffe8e3c000-7fffe8e3e000 r-xp 00000000 00:00 0 
7fffe8e3e000-7fffe8e3f000 rwxp 00000000 00:00 0 
7fffe8e3f000-7fffe8e40000 r-xp 00000000 00:00 0 
7fffe8e40000-7fffe8e44000 rwxp 00000000 00:00 0 
7fffe8e44000-7fffe8e4c000 r-xp 00000000 00:00 0 
7fffe8e4c000-7fffe8e4e000 rwxp 00000000 00:00 0 
7fffe8e4e000-7fffe8e51000 r-xp 00000000 00:00 0 
7fffe8e51000-7fffe8e58000 rwxp 00000000 00:00 0 
7fffe8e58000-7fffe8e5e000 r-xp 00000000 00:00 0 
7fffe8e5e000-7fffe8e60000 rwxp 00000000 00:00 0 
7fffe8e60000-7fffe8e64000 r-xp 00000000 00:00 0 
7fffe8e64000-7fffe8ef0000 rwxp 00000000 00:00 0 
7fffe8ef0000-7fffe8ef2000 r-xp 00000000 00:00 0 
7fffe8ef2000-7fffe8efa000 rwxp 00000000 00:00 0 
7fffe8efa000-7fffe8f06000 r-xp 00000000 00:00 0 
7fffe8f06000-7fffe8f09000 rwxp 00000000 00:00 0 
7fffe8f09000-7fffe8f0b000 r-xp 00000000 00:00 0 
7fffe8f0b000-7fffe8f0c000 rwxp 00000000 00:00 0 
7fffe8f0c000-7fffe8f13000 r-xp 00000000 00:00 0 
7fffe8f13000-7fffe8f14000 rwxp 00000000 00:00 0 
7fffe8f14000-7fffe8f15000 r-xp 00000000 00:00 0 
7fffe8f15000-7fffe8f17000 rwxp 00000000 00:00 0 
7fffe8f17000-7fffe8f19000 r-xp 00000000 00:00 0 
7fffe8f19000-7fffe8f1a000 rwxp 00000000 00:00 0 
7fffe8f1a000-7fffe8f1b000 r-xp 00000000 00:00 0 
7fffe8f1b000-7fffe8f1f000 rwxp 00000000 00:00 0 
7fffe8f1f000-7fffe8f21000 r-xp 00000000 00:00 0 
7fffe8f21000-7fffe8f22000 rwxp 00000000 00:00 0 
7fffe8f22000-7fffe8f23000 r-xp 00000000 00:00 0 
7fffe8f23000-7fffe8f26000 rwxp 00000000 00:00 0 
7fffe8f26000-7fffe8f2a000 r-xp 00000000 00:00 0 
7fffe8f2a000-7fffe8f2c000 rwxp 00000000 00:00 0 
7fffe8f2c000-7fffe8f2d000 r-xp 00000000 00:00 0 
7fffe8f2d000-7fffe8f2f000 rwxp 00000000 00:00 0 
7fffe8f2f000-7fffe8f32000 r-xp 00000000 00:00 0 
7fffe8f32000-7fffe8f33000 rwxp 00000000 00:00 0 
7fffe8f33000-7fffe8f34000 r-xp 00000000 00:00 0 
7fffe8f34000-7fffe8f35000 rwxp 00000000 00:00 0 
7fffe8f35000-7fffe8f36000 r-xp 00000000 00:00 0 
7fffe8f36000-7fffe8f3d000 rwxp 00000000 00:00 0 
7fffe8f3d000-7fffe8f3e000 r-xp 00000000 00:00 0 
7fffe8f3e000-7fffe8f41000 rwxp 00000000 00:00 0 
7fffe8f41000-7fffe8f49000 r-xp 00000000 00:00 0 
7fffe8f49000-7fffe8f4e000 rwxp 00000000 00:00 0 
7fffe8f4e000-7fffe8f50000 r-xp 00000000 00:00 0 
7fffe8f50000-7fffe8f51000 rwxp 00000000 00:00 0 
7fffe8f51000-7fffe8f57000 r-xp 00000000 00:00 0 
7fffe8f57000-7fffe8f58000 rwxp 00000000 00:00 0 
7fffe8f58000-7fffe8f60000 r-xp 00000000 00:00 0 
7fffe8f60000-7fffe8f62000 rwxp 00000000 00:00 0 
7fffe8f62000-7fffe8f6c000 r-xp 00000000 00:00 0 
7fffe8f6c000-7fffe8f6e000 rwxp 00000000 00:00 0 
7fffe8f6e000-7fffe8f7f000 r-xp 00000000 00:00 0 
7fffe8f7f000-7fffe8f80000 rwxp 00000000 00:00 0 
7fffe8f80000-7fffe8f94000 r-xp 00000000 00:00 0 
7fffe8f94000-7fffe8f95000 rwxp 00000000 00:00 0 
7fffe8f95000-7fffe8fa1000 r-xp 00000000 00:00 0 
7fffe8fa1000-7fffe8fa2000 rwxp 00000000 00:00 0 
7fffe8fa2000-7fffe8fb0000 r-xp 00000000 00:00 0 
7fffe8fb0000-7fffe8fb1000 rwxp 00000000 00:00 0 
7fffe8fb1000-7fffe8fb2000 r-xp 00000000 00:00 0 
7fffe8fb2000-7fffe8fb3000 rwxp 00000000 00:00 0 
7fffe8fb3000-7fffe8fb8000 r-xp 00000000 00:00 0 
7fffe8fb8000-7fffe8fb9000 rwxp 00000000 00:00 0 
7fffe8fb9000-7fffe8fc4000 r-xp 00000000 00:00 0 
7fffe8fc4000-7fffe8fc5000 rwxp 00000000 00:00 0 
7fffe8fc5000-7fffe8fc8000 r-xp 00000000 00:00 0 
7fffe8fc8000-7fffe8fc9000 rwxp 00000000 00:00 0 
7fffe8fc9000-7fffe8fd8000 r-xp 00000000 00:00 0 
7fffe8fd8000-7fffe8fda000 rwxp 00000000 00:00 0 
7fffe8fda000-7fffe8fdd000 r-xp 00000000 00:00 0 
7fffe8fdd000-7fffe8fde000 rwxp 00000000 00:00 0 
7fffe8fde000-7fffe8fdf000 r-xp 00000000 00:00 0 
7fffe8fdf000-7fffe8fe0000 rwxp 00000000 00:00 0 
7fffe8fe0000-7fffe8fe9000 r-xp 00000000 00:00 0 
7fffe8fe9000-7fffe8fea000 rwxp 00000000 00:00 0 
7fffe8fea000-7fffe8ff3000 r-xp 00000000 00:00 0 
7fffe8ff3000-7fffe8ff4000 rwxp 00000000 00:00 0 
7fffe8ff4000-7fffe8ff8000 r-xp 00000000 00:00 0 
7fffe8ff8000-7fffe8ff9000 rwxp 00000000 00:00 0 
7fffe8ff9000-7fffe9002000 r-xp 00000000 00:00 0 
7fffe9002000-7fffe9003000 rwxp 00000000 00:00 0 
7fffe9003000-7fffe900a000 r-xp 00000000 00:00 0 
7fffe900a000-7fffe900b000 rwxp 00000000 00:00 0 
7fffe900b000-7fffe9012000 r-xp 00000000 00:00 0 
7fffe9012000-7fffe9013000 rwxp 00000000 00:00 0 
7fffe9013000-7fffe902f000 r-xp 00000000 00:00 0 
7fffe902f000-7fffe9030000 rwxp 00000000 00:00 0 
7fffe9030000-7fffe9033000 r-xp 00000000 00:00 0 
7fffe9033000-7fffe9034000 rwxp 00000000 00:00 0 
7fffe9034000-7fffe9035000 r-xp 00000000 00:00 0 
7fffe9035000-7fffe9036000 rwxp 00000000 00:00 0 
7fffe9036000-7fffe9037000 r-xp 00000000 00:00 0 
7fffe9037000-7fffe9039000 rwxp 00000000 00:00 0 
7fffe9039000-7fffe903a000 r-xp 00000000 00:00 0 
7fffe903a000-7fffe903e000 rwxp 00000000 00:00 0 
7fffe903e000-7fffe9040000 r-xp 00000000 00:00 0 
7fffe9040000-7fffe9041000 rwxp 00000000 00:00 0 
7fffe9041000-7fffe9043000 r-xp 00000000 00:00 0 
7fffe9043000-7fffe9044000 rwxp 00000000 00:00 0 
7fffe9044000-7fffe9047000 r-xp 00000000 00:00 0 
7fffe9047000-7fffe904a000 rwxp 00000000 00:00 0 
7fffe904a000-7fffe904c000 r-xp 00000000 00:00 0 
7fffe904c000-7fffe904d000 rwxp 00000000 00:00 0 
7fffe904d000-7fffe904e000 r-xp 00000000 00:00 0 
7fffe904e000-7fffe904f000 rwxp 00000000 00:00 0 
7fffe904f000-7fffe9052000 r-xp 00000000 00:00 0 
7fffe9052000-7fffe9056000 rwxp 00000000 00:00 0 
7fffe9056000-7fffe9057000 r-xp 00000000 00:00 0 
7fffe9057000-7fffe9059000 rwxp 00000000 00:00 0 
7fffe9059000-7fffe905b000 r-xp 00000000 00:00 0 
7fffe905b000-7fffe905f000 rwxp 00000000 00:00 0 
7fffe905f000-7fffe9061000 r-xp 00000000 00:00 0 
7fffe9061000-7fffe9063000 rwxp 00000000 00:00 0 
7fffe9063000-7fffe9064000 r-xp 00000000 00:00 0 
7fffe9064000-7fffe9066000 rwxp 00000000 00:00 0 
7fffe9066000-7fffe9073000 r-xp 00000000 00:00 0 
7fffe9073000-7fffe9074000 rwxp 00000000 00:00 0 
7fffe9074000-7fffe9075000 r-xp 00000000 00:00 0 
7fffe9075000-7fffe9077000 rwxp 00000000 00:00 0 
7fffe9077000-7fffe9079000 r-xp 00000000 00:00 0 
7fffe9079000-7fffe907a000 rwxp 00000000 00:00 0 
7fffe907a000-7fffe907b000 r-xp 00000000 00:00 0 
7fffe907b000-7fffe907c000 rwxp 00000000 00:00 0 
7fffe907c000-7fffe907e000 r-xp 00000000 00:00 0 
7fffe907e000-7fffe907f000 rwxp 00000000 00:00 0 
7fffe907f000-7fffe9081000 r-xp 00000000 00:00 0 
7fffe9081000-7fffe9082000 rwxp 00000000 00:00 0 
7fffe9082000-7fffe9084000 r-xp 00000000 00:00 0 
7fffe9084000-7fffe9085000 rwxp 00000000 00:00 0 
7fffe9085000-7fffe9086000 r-xp 00000000 00:00 0 
7fffe9086000-7fffe9087000 rwxp 00000000 00:00 0 
7fffe9087000-7fffe9089000 r-xp 00000000 00:00 0 
7fffe9089000-7fffe908c000 rwxp 00000000 00:00 0 
7fffe908c000-7fffe908f000 r-xp 00000000 00:00 0 
7fffe908f000-7fffe9090000 rwxp 00000000 00:00 0 
7fffe9090000-7fffe90a9000 r-xp 00000000 00:00 0 
7fffe90a9000-7fffe90aa000 rwxp 00000000 00:00 0 
7fffe90aa000-7fffe90ae000 r-xp 00000000 00:00 0 
7fffe90ae000-7fffe90b0000 rwxp 00000000 00:00 0 
7fffe90b0000-7fffe90b4000 r-xp 00000000 00:00 0 
7fffe90b4000-7fffe90b5000 rwxp 00000000 00:00 0 
7fffe90b5000-7fffe90b6000 r-xp 00000000 00:00 0 
7fffe90b6000-7fffe90b8000 rwxp 00000000 00:00 0 
7fffe90b8000-7fffe90bb000 r-xp 00000000 00:00 0 
7fffe90bb000-7fffe90bc000 rwxp 00000000 00:00 0 
7fffe90bc000-7fffe90c7000 r-xp 00000000 00:00 0 
7fffe90c7000-7fffe90cc000 rwxp 00000000 00:00 0 
7fffe90cc000-7fffe90cd000 r-xp 00000000 00:00 0 
7fffe90cd000-7fffe90d8000 rwxp 00000000 00:00 0 
7fffe90d8000-7fffe90da000 r-xp 00000000 00:00 0 
7fffe90da000-7fffe90db000 rwxp 00000000 00:00 0 
7fffe90db000-7fffe90df000 r-xp 00000000 00:00 0 
7fffe90df000-7fffe90e0000 rwxp 00000000 00:00 0 
7fffe90e0000-7fffe90e1000 r-xp 00000000 00:00 0 
7fffe90e1000-7fffe90e4000 rwxp 00000000 00:00 0 
7fffe90e4000-7fffe90e7000 r-xp 00000000 00:00 0 
7fffe90e7000-7fffe90ea000 rwxp 00000000 00:00 0 
7fffe90ea000-7fffe90eb000 r-xp 00000000 00:00 0 
7fffe90eb000-7fffe90f4000 rwxp 00000000 00:00 0 
7fffe90f4000-7fffe90f5000 r-xp 00000000 00:00 0 
7fffe90f5000-7fffe90f7000 rwxp 00000000 00:00 0 
7fffe90f7000-7fffe90f8000 r-xp 00000000 00:00 0 
7fffe90f8000-7fffe90f9000 rwxp 00000000 00:00 0 
7fffe90f9000-7fffe90fb000 r-xp 00000000 00:00 0 
7fffe90fb000-7fffe90fc000 rwxp 00000000 00:00 0 
7fffe90fc000-7fffe90fe000 r-xp 00000000 00:00 0 
7fffe90fe000-7fffe9102000 rwxp 00000000 00:00 0 
7fffe9102000-7fffe9107000 r-xp 00000000 00:00 0 
7fffe9107000-7fffe9109000 rwxp 00000000 00:00 0 
7fffe9109000-7fffe9111000 r-xp 00000000 00:00 0 
7fffe9111000-7fffe9112000 rwxp 00000000 00:00 0 
7fffe9112000-7fffe9114000 r-xp 00000000 00:00 0 
7fffe9114000-7fffe9116000 rwxp 00000000 00:00 0 
7fffe9116000-7fffe9118000 r-xp 00000000 00:00 0 
7fffe9118000-7fffe911a000 rwxp 00000000 00:00 0 
7fffe911a000-7fffe911c000 r-xp 00000000 00:00 0 
7fffe911c000-7fffe911e000 rwxp 00000000 00:00 0 
7fffe911e000-7fffe911f000 r-xp 00000000 00:00 0 
7fffe911f000-7fffe9120000 rwxp 00000000 00:00 0 
7fffe9120000-7fffe9123000 r-xp 00000000 00:00 0 
7fffe9123000-7fffe9124000 rwxp 00000000 00:00 0 
7fffe9124000-7fffe9125000 r-xp 00000000 00:00 0 
7fffe9125000-7fffe9126000 rwxp 00000000 00:00 0 
7fffe9126000-7fffe912e000 r-xp 00000000 00:00 0 
7fffe912e000-7fffe912f000 rwxp 00000000 00:00 0 
7fffe912f000-7fffe9135000 r-xp 00000000 00:00 0 
7fffe9135000-7fffe9137000 rwxp 00000000 00:00 0 
7fffe9137000-7fffe913d000 r-xp 00000000 00:00 0 
7fffe913d000-7fffe913f000 rwxp 00000000 00:00 0 
7fffe913f000-7fffe9140000 r-xp 00000000 00:00 0 
7fffe9140000-7fffe9143000 rwxp 00000000 00:00 0 
7fffe9143000-7fffe9146000 r-xp 00000000 00:00 0 
7fffe9146000-7fffe914c000 rwxp 00000000 00:00 0 
7fffe914c000-7fffe914d000 r-xp 00000000 00:00 0 
7fffe914d000-7fffe914e000 rwxp 00000000 00:00 0 
7fffe914e000-7fffe9150000 r-xp 00000000 00:00 0 
7fffe9150000-7fffe9153000 rwxp 00000000 00:00 0 
7fffe9153000-7fffe9155000 r-xp 00000000 00:00 0 
7fffe9155000-7fffe9156000 rwxp 00000000 00:00 0 
7fffe9156000-7fffe9157000 r-xp 00000000 00:00 0 
7fffe9157000-7fffe9158000 rwxp 00000000 00:00 0 
7fffe9158000-7fffe915d000 r-xp 00000000 00:00 0 
7fffe915d000-7fffe915e000 rwxp 00000000 00:00 0 
7fffe915e000-7fffe9163000 r-xp 00000000 00:00 0 
7fffe9163000-7fffe9164000 rwxp 00000000 00:00 0 
7fffe9164000-7fffe9165000 r-xp 00000000 00:00 0 
7fffe9165000-7fffe9167000 rwxp 00000000 00:00 0 
7fffe9167000-7fffe9168000 r-xp 00000000 00:00 0 
7fffe9168000-7fffe916a000 rwxp 00000000 00:00 0 
7fffe916a000-7fffe916b000 r-xp 00000000 00:00 0 
7fffe916b000-7fffe916e000 rwxp 00000000 00:00 0 
7fffe916e000-7fffe9170000 r-xp 00000000 00:00 0 
7fffe9170000-7fffe9171000 rwxp 00000000 00:00 0 
7fffe9171000-7fffe917b000 r-xp 00000000 00:00 0 
7fffe917b000-7fffe917c000 rwxp 00000000 00:00 0 
7fffe917c000-7fffe917e000 r-xp 00000000 00:00 0 
7fffe917e000-7fffe9182000 rwxp 00000000 00:00 0 
7fffe9182000-7fffe9184000 r-xp 00000000 00:00 0 
7fffe9184000-7fffe9186000 rwxp 00000000 00:00 0 
7fffe9186000-7fffe9188000 r-xp 00000000 00:00 0 
7fffe9188000-7fffe9189000 rwxp 00000000 00:00 0 
7fffe9189000-7fffe9193000 r-xp 00000000 00:00 0 
7fffe9193000-7fffe9195000 rwxp 00000000 00:00 0 
7fffe9195000-7fffe9197000 r-xp 00000000 00:00 0 
7fffe9197000-7fffe9198000 rwxp 00000000 00:00 0 
7fffe9198000-7fffe9199000 r-xp 00000000 00:00 0 
7fffe9199000-7fffe919a000 rwxp 00000000 00:00 0 
7fffe919a000-7fffe919b000 r-xp 00000000 00:00 0 
7fffe919b000-7fffe919d000 rwxp 00000000 00:00 0 
7fffe919d000-7fffe919e000 r-xp 00000000 00:00 0 
7fffe919e000-7fffe91a1000 rwxp 00000000 00:00 0 
7fffe91a1000-7fffe91a3000 r-xp 00000000 00:00 0 
7fffe91a3000-7fffe91a7000 rwxp 00000000 00:00 0 
7fffe91a7000-7fffe91a8000 r-xp 00000000 00:00 0 
7fffe91a8000-7fffe91a9000 rwxp 00000000 00:00 0 
7fffe91a9000-7fffe91aa000 r-xp 00000000 00:00 0 
7fffe91aa000-7fffe91ac000 rwxp 00000000 00:00 0 
7fffe91ac000-7fffe91ad000 r-xp 00000000 00:00 0 
7fffe91ad000-7fffe91ae000 rwxp 00000000 00:00 0 
7fffe91ae000-7fffe91b1000 r-xp 00000000 00:00 0 
7fffe91b1000-7fffe91b2000 rwxp 00000000 00:00 0 
7fffe91b2000-7fffe91b3000 r-xp 00000000 00:00 0 
7fffe91b3000-7fffe91b5000 rwxp 00000000 00:00 0 
7fffe91b5000-7fffe91ba000 r-xp 00000000 00:00 0 
7fffe91ba000-7fffe91bc000 rwxp 00000000 00:00 0 
7fffe91bc000-7fffe91be000 r-xp 00000000 00:00 0 
7fffe91be000-7fffe91c4000 rwxp 00000000 00:00 0 
7fffe91c4000-7fffe91c7000 r-xp 00000000 00:00 0 
7fffe91c7000-7fffe91c9000 rwxp 00000000 00:00 0 
7fffe91c9000-7fffe91ca000 r-xp 00000000 00:00 0 
7fffe91ca000-7fffe91cb000 rwxp 00000000 00:00 0 
7fffe91cb000-7fffe91cc000 r-xp 00000000 00:00 0 
7fffe91cc000-7fffe91cd000 rwxp 00000000 00:00 0 
7fffe91cd000-7fffe91d1000 r-xp 00000000 00:00 0 
7fffe91d1000-7fffe91d2000 rwxp 00000000 00:00 0 
7fffe91d2000-7fffe91d5000 r-xp 00000000 00:00 0 
7fffe91d5000-7fffe91d7000 rwxp 00000000 00:00 0 
7fffe91d7000-7fffe91d8000 r-xp 00000000 00:00 0 
7fffe91d8000-7fffe91da000 rwxp 00000000 00:00 0 
7fffe91da000-7fffe91dd000 r-xp 00000000 00:00 0 
7fffe91dd000-7fffe91df000 rwxp 00000000 00:00 0 
7fffe91df000-7fffe91e0000 r-xp 00000000 00:00 0 
7fffe91e0000-7fffe91e2000 rwxp 00000000 00:00 0 
7fffe91e2000-7fffe91e3000 r-xp 00000000 00:00 0 
7fffe91e3000-7fffe91e5000 rwxp 00000000 00:00 0 
7fffe91e5000-7fffe91e6000 r-xp 00000000 00:00 0 
7fffe91e6000-7fffe91e7000 rwxp 00000000 00:00 0 
7fffe91e7000-7fffe91e9000 r-xp 00000000 00:00 0 
7fffe91e9000-7fffe91ea000 rwxp 00000000 00:00 0 
7fffe91ea000-7fffe91ed000 r-xp 00000000 00:00 0 
7fffe91ed000-7fffe91ef000 rwxp 00000000 00:00 0 
7fffe91ef000-7fffe91f7000 r-xp 00000000 00:00 0 
7fffe91f7000-7fffe91f9000 rwxp 00000000 00:00 0 
7fffe91f9000-7fffe91fc000 r-xp 00000000 00:00 0 
7fffe91fc000-7fffe91fd000 rwxp 00000000 00:00 0 
7fffe91fd000-7fffe91fe000 r-xp 00000000 00:00 0 
7fffe91fe000-7fffe9200000 rwxp 00000000 00:00 0 
7fffe9200000-7fffe9202000 r-xp 00000000 00:00 0 
7fffe9202000-7fffe9203000 rwxp 00000000 00:00 0 
7fffe9203000-7fffe9204000 r-xp 00000000 00:00 0 
7fffe9204000-7fffe920a000 rwxp 00000000 00:00 0 
7fffe920a000-7fffe920c000 r-xp 00000000 00:00 0 
7fffe920c000-7fffe920d000 rwxp 00000000 00:00 0 
7fffe920d000-7fffe920e000 r-xp 00000000 00:00 0 
7fffe920e000-7fffe9211000 rwxp 00000000 00:00 0 
7fffe9211000-7fffe9215000 r-xp 00000000 00:00 0 
7fffe9215000-7fffe9216000 rwxp 00000000 00:00 0 
7fffe9216000-7fffe9217000 r-xp 00000000 00:00 0 
7fffe9217000-7fffe9218000 rwxp 00000000 00:00 0 
7fffe9218000-7fffe9225000 r-xp 00000000 00:00 0 
7fffe9225000-7fffe9227000 rwxp 00000000 00:00 0 
7fffe9227000-7fffe9228000 r-xp 00000000 00:00 0 
7fffe9228000-7fffe9229000 rwxp 00000000 00:00 0 
7fffe9229000-7fffe922d000 r-xp 00000000 00:00 0 
7fffe922d000-7fffe922e000 rwxp 00000000 00:00 0 
7fffe922e000-7fffe922f000 r-xp 00000000 00:00 0 
7fffe922f000-7fffe9234000 rwxp 00000000 00:00 0 
7fffe9234000-7fffe9235000 r-xp 00000000 00:00 0 
7fffe9235000-7fffe9236000 rwxp 00000000 00:00 0 
7fffe9236000-7fffe923b000 r-xp 00000000 00:00 0 
7fffe923b000-7fffe923d000 rwxp 00000000 00:00 0 
7fffe923d000-7fffe9242000 r-xp 00000000 00:00 0 
7fffe9242000-7fffe9244000 rwxp 00000000 00:00 0 
7fffe9244000-7fffe9245000 r-xp 00000000 00:00 0 
7fffe9245000-7fffe9248000 rwxp 00000000 00:00 0 
7fffe9248000-7fffe9252000 r-xp 00000000 00:00 0 
7fffe9252000-7fffe9258000 rwxp 00000000 00:00 0 
7fffe9258000-7fffe925e000 r-xp 00000000 00:00 0 
7fffe925e000-7fffe925f000 rwxp 00000000 00:00 0 
7fffe925f000-7fffe9262000 r-xp 00000000 00:00 0 
7fffe9262000-7fffe9263000 rwxp 00000000 00:00 0 
7fffe9263000-7fffe9265000 r-xp 00000000 00:00 0 
7fffe9265000-7fffe9269000 rwxp 00000000 00:00 0 
7fffe9269000-7fffe926b000 r-xp 00000000 00:00 0 
7fffe926b000-7fffe926d000 rwxp 00000000 00:00 0 
7fffe926d000-7fffe926f000 r-xp 00000000 00:00 0 
7fffe926f000-7fffe9270000 rwxp 00000000 00:00 0 
7fffe9270000-7fffe927c000 r-xp 00000000 00:00 0 
7fffe927c000-7fffe927d000 rwxp 00000000 00:00 0 
7fffe927d000-7fffe9286000 r-xp 00000000 00:00 0 
7fffe9286000-7fffe9287000 rwxp 00000000 00:00 0 
7fffe9287000-7fffe9288000 r-xp 00000000 00:00 0 
7fffe9288000-7fffe9289000 rwxp 00000000 00:00 0 
7fffe9289000-7fffe928a000 r-xp 00000000 00:00 0 
7fffe928a000-7fffe928b000 rwxp 00000000 00:00 0 
7fffe928b000-7fffe9295000 r-xp 00000000 00:00 0 
7fffe9295000-7fffe9296000 rwxp 00000000 00:00 0 
7fffe9296000-7fffe929b000 r-xp 00000000 00:00 0 
7fffe929b000-7fffe929e000 rwxp 00000000 00:00 0 
7fffe929e000-7fffe92a5000 r-xp 00000000 00:00 0 
7fffe92a5000-7fffe92a8000 rwxp 00000000 00:00 0 
7fffe92a8000-7fffe92b2000 r-xp 00000000 00:00 0 
7fffe92b2000-7fffe92b3000 rwxp 00000000 00:00 0 
7fffe92b3000-7fffe92b4000 r-xp 00000000 00:00 0 
7fffe92b4000-7fffe92b5000 rwxp 00000000 00:00 0 
7fffe92b5000-7fffe92b9000 r-xp 00000000 00:00 0 
7fffe92b9000-7fffe92bb000 rwxp 00000000 00:00 0 
7fffe92bb000-7fffe92c2000 r-xp 00000000 00:00 0 
7fffe92c2000-7fffe92c3000 rwxp 00000000 00:00 0 
7fffe92c3000-7fffe92d2000 r-xp 00000000 00:00 0 
7fffe92d2000-7fffe92d3000 rwxp 00000000 00:00 0 
7fffe92d3000-7fffe92d4000 r-xp 00000000 00:00 0 
7fffe92d4000-7fffe92d5000 rwxp 00000000 00:00 0 
7fffe92d5000-7fffe92dc000 r-xp 00000000 00:00 0 
7fffe92dc000-7fffe92df000 rwxp 00000000 00:00 0 
7fffe92df000-7fffe92e1000 r-xp 00000000 00:00 0 
7fffe92e1000-7fffe92e4000 rwxp 00000000 00:00 0 
7fffe92e4000-7fffe92e5000 r-xp 00000000 00:00 0 
7fffe92e5000-7fffe92e6000 rwxp 00000000 00:00 0 
7fffe92e6000-7fffe92e7000 r-xp 00000000 00:00 0 
7fffe92e7000-7fffe92ee000 rwxp 00000000 00:00 0 
7fffe92ee000-7fffe92f6000 r-xp 00000000 00:00 0 
7fffe92f6000-7fffe92f7000 rwxp 00000000 00:00 0 
7fffe92f7000-7fffe92fe000 r-xp 00000000 00:00 0 
7fffe92fe000-7fffe92ff000 rwxp 00000000 00:00 0 
7fffe92ff000-7fffe9301000 r-xp 00000000 00:00 0 
7fffe9301000-7fffe9305000 rwxp 00000000 00:00 0 
7fffe9305000-7fffe930c000 r-xp 00000000 00:00 0 
7fffe930c000-7fffe930e000 rwxp 00000000 00:00 0 
7fffe930e000-7fffe930f000 r-xp 00000000 00:00 0 
7fffe930f000-7fffe9310000 rwxp 00000000 00:00 0 
7fffe9310000-7fffe9311000 r-xp 00000000 00:00 0 
7fffe9311000-7fffe9314000 rwxp 00000000 00:00 0 
7fffe9314000-7fffe9317000 r-xp 00000000 00:00 0 
7fffe9317000-7fffe932b000 rwxp 00000000 00:00 0 
7fffe932b000-7fffe932e000 r-xp 00000000 00:00 0 
7fffe932e000-7fffe932f000 rwxp 00000000 00:00 0 
7fffe932f000-7fffe9333000 r-xp 00000000 00:00 0 
7fffe9333000-7fffe9336000 rwxp 00000000 00:00 0 
7fffe9336000-7fffe9337000 r-xp 00000000 00:00 0 
7fffe9337000-7fffe9339000 rwxp 00000000 00:00 0 
7fffe9339000-7fffe933f000 r-xp 00000000 00:00 0 
7fffe933f000-7fffe9340000 rwxp 00000000 00:00 0 
7fffe9340000-7fffe9341000 r-xp 00000000 00:00 0 
7fffe9341000-7fffe9343000 rwxp 00000000 00:00 0 
7fffe9343000-7fffe9344000 r-xp 00000000 00:00 0 
7fffe9344000-7fffe9346000 rwxp 00000000 00:00 0 
7fffe9346000-7fffe934b000 r-xp 00000000 00:00 0 
7fffe934b000-7fffe934d000 rwxp 00000000 00:00 0 
7fffe934d000-7fffe9356000 r-xp 00000000 00:00 0 
7fffe9356000-7fffe9357000 rwxp 00000000 00:00 0 
7fffe9357000-7fffe9358000 r-xp 00000000 00:00 0 
7fffe9358000-7fffe935b000 rwxp 00000000 00:00 0 
7fffe935b000-7fffe935e000 r-xp 00000000 00:00 0 
7fffe935e000-7fffe9361000 rwxp 00000000 00:00 0 
7fffe9361000-7fffe9363000 r-xp 00000000 00:00 0 
7fffe9363000-7fffe9364000 rwxp 00000000 00:00 0 
7fffe9364000-7fffe936a000 r-xp 00000000 00:00 0 
7fffe936a000-7fffe936b000 rwxp 00000000 00:00 0 
7fffe936b000-7fffe936f000 r-xp 00000000 00:00 0 
7fffe936f000-7fffe9372000 rwxp 00000000 00:00 0 
7fffe9372000-7fffe9374000 r-xp 00000000 00:00 0 
7fffe9374000-7fffe9378000 rwxp 00000000 00:00 0 
7fffe9378000-7fffe937c000 r-xp 00000000 00:00 0 
7fffe937c000-7fffe9380000 rwxp 00000000 00:00 0 
7fffe9380000-7fffe9382000 r-xp 00000000 00:00 0 
7fffe9382000-7fffe9383000 rwxp 00000000 00:00 0 
7fffe9383000-7fffe938c000 r-xp 00000000 00:00 0 
7fffe938c000-7fffe938d000 rwxp 00000000 00:00 0 
7fffe938d000-7fffe9390000 r-xp 00000000 00:00 0 
7fffe9390000-7fffe9391000 rwxp 00000000 00:00 0 
7fffe9391000-7fffe9396000 r-xp 00000000 00:00 0 
7fffe9396000-7fffe9398000 rwxp 00000000 00:00 0 
7fffe9398000-7fffe939a000 r-xp 00000000 00:00 0 
7fffe939a000-7fffe939b000 rwxp 00000000 00:00 0 
7fffe939b000-7fffe939d000 r-xp 00000000 00:00 0 
7fffe939d000-7fffe939f000 rwxp 00000000 00:00 0 
7fffe939f000-7fffe93a4000 r-xp 00000000 00:00 0 
7fffe93a4000-7fffe93ac000 rwxp 00000000 00:00 0 
7fffe93ac000-7fffe93b0000 r-xp 00000000 00:00 0 
7fffe93b0000-7fffe93b1000 rwxp 00000000 00:00 0 
7fffe93b1000-7fffe93b4000 r-xp 00000000 00:00 0 
7fffe93b4000-7fffe93b6000 rwxp 00000000 00:00 0 
7fffe93b6000-7fffe93b9000 r-xp 00000000 00:00 0 
7fffe93b9000-7fffe93ba000 rwxp 00000000 00:00 0 
7fffe93ba000-7fffe93c1000 r-xp 00000000 00:00 0 
7fffe93c1000-7fffe93c2000 rwxp 00000000 00:00 0 
7fffe93c2000-7fffe93c6000 r-xp 00000000 00:00 0 
7fffe93c6000-7fffe93c7000 rwxp 00000000 00:00 0 
7fffe93c7000-7fffe93cd000 r-xp 00000000 00:00 0 
7fffe93cd000-7fffe93ce000 rwxp 00000000 00:00 0 
7fffe93ce000-7fffe93cf000 r-xp 00000000 00:00 0 
7fffe93cf000-7fffe93d1000 rwxp 00000000 00:00 0 
7fffe93d1000-7fffe93dd000 r-xp 00000000 00:00 0 
7fffe93dd000-7fffe93de000 rwxp 00000000 00:00 0 
7fffe93de000-7fffe93e9000 r-xp 00000000 00:00 0 
7fffe93e9000-7fffe93ea000 rwxp 00000000 00:00 0 
7fffe93ea000-7fffe93ef000 r-xp 00000000 00:00 0 
7fffe93ef000-7fffe93f1000 rwxp 00000000 00:00 0 
7fffe93f1000-7fffe9400000 r-xp 00000000 00:00 0 
7fffe9400000-7fffe9401000 rwxp 00000000 00:00 0 
7fffe9401000-7fffe9412000 r-xp 00000000 00:00 0 
7fffe9412000-7fffe9414000 rwxp 00000000 00:00 0 
7fffe9414000-7fffe941a000 r-xp 00000000 00:00 0 
7fffe941a000-7fffe941f000 rwxp 00000000 00:00 0 
7fffe941f000-7fffe9420000 r-xp 00000000 00:00 0 
7fffe9420000-7fffe9428000 rwxp 00000000 00:00 0 
7fffe9428000-7fffe9429000 r-xp 00000000 00:00 0 
7fffe9429000-7fffe942a000 rwxp 00000000 00:00 0 
7fffe942a000-7fffe9433000 r-xp 00000000 00:00 0 
7fffe9433000-7fffe9434000 rwxp 00000000 00:00 0 
7fffe9434000-7fffe9436000 r-xp 00000000 00:00 0 
7fffe9436000-7fffe9437000 rwxp 00000000 00:00 0 
7fffe9437000-7fffe943b000 r-xp 00000000 00:00 0 
7fffe943b000-7fffe943c000 rwxp 00000000 00:00 0 
7fffe943c000-7fffe9440000 r-xp 00000000 00:00 0 
7fffe9440000-7fffe944b000 rwxp 00000000 00:00 0 
7fffe944b000-7fffe944c000 r-xp 00000000 00:00 0 
7fffe944c000-7fffe9450000 rwxp 00000000 00:00 0 
7fffe9450000-7fffe9453000 r-xp 00000000 00:00 0 
7fffe9453000-7fffe9454000 rwxp 00000000 00:00 0 
7fffe9454000-7fffe9455000 r-xp 00000000 00:00 0 
7fffe9455000-7fffe945d000 rwxp 00000000 00:00 0 
7fffe945d000-7fffe945f000 r-xp 00000000 00:00 0 
7fffe945f000-7fffe9460000 rwxp 00000000 00:00 0 
7fffe9460000-7fffe9461000 r-xp 00000000 00:00 0 
7fffe9461000-7fffe9467000 rwxp 00000000 00:00 0 
7fffe9467000-7fffe9469000 r-xp 00000000 00:00 0 
7fffe9469000-7fffe946a000 rwxp 00000000 00:00 0 
7fffe946a000-7fffe946b000 r-xp 00000000 00:00 0 
7fffe946b000-7fffe946f000 rwxp 00000000 00:00 0 
7fffe946f000-7fffe9477000 r-xp 00000000 00:00 0 
7fffe9477000-7fffe9478000 rwxp 00000000 00:00 0 
7fffe9478000-7fffe947d000 r-xp 00000000 00:00 0 
7fffe947d000-7fffe9482000 rwxp 00000000 00:00 0 
7fffe9482000-7fffe9484000 r-xp 00000000 00:00 0 
7fffe9484000-7fffe9487000 rwxp 00000000 00:00 0 
7fffe9487000-7fffe9488000 r-xp 00000000 00:00 0 
7fffe9488000-7fffe9489000 rwxp 00000000 00:00 0 
7fffe9489000-7fffe949a000 r-xp 00000000 00:00 0 
7fffe949a000-7fffe949b000 rwxp 00000000 00:00 0 
7fffe949b000-7fffe949c000 r-xp 00000000 00:00 0 
7fffe949c000-7fffe949d000 rwxp 00000000 00:00 0 
7fffe949d000-7fffe94a0000 r-xp 00000000 00:00 0 
7fffe94a0000-7fffe94a8000 rwxp 00000000 00:00 0 
7fffe94a8000-7fffe94ac000 r-xp 00000000 00:00 0 
7fffe94ac000-7fffe94ad000 rwxp 00000000 00:00 0 
7fffe94ad000-7fffe94af000 r-xp 00000000 00:00 0 
7fffe94af000-7fffe94b1000 rwxp 00000000 00:00 0 
7fffe94b1000-7fffe94b2000 r-xp 00000000 00:00 0 
7fffe94b2000-7fffe94b5000 rwxp 00000000 00:00 0 
7fffe94b5000-7fffe94bb000 r-xp 00000000 00:00 0 
7fffe94bb000-7fffe94bc000 rwxp 00000000 00:00 0 
7fffe94bc000-7fffe94bf000 r-xp 00000000 00:00 0 
7fffe94bf000-7fffe94c2000 rwxp 00000000 00:00 0 
7fffe94c2000-7fffe94c3000 r-xp 00000000 00:00 0 
7fffe94c3000-7fffe94c5000 rwxp 00000000 00:00 0 
7fffe94c5000-7fffe94c6000 r-xp 00000000 00:00 0 
7fffe94c6000-7fffe94cb000 rwxp 00000000 00:00 0 
7fffe94cb000-7fffe94cd000 r-xp 00000000 00:00 0 
7fffe94cd000-7fffe94ce000 rwxp 00000000 00:00 0 
7fffe94ce000-7fffe94cf000 r-xp 00000000 00:00 0 
7fffe94cf000-7fffe94d5000 rwxp 00000000 00:00 0 
7fffe94d5000-7fffe94d6000 r-xp 00000000 00:00 0 
7fffe94d6000-7fffe94d8000 rwxp 00000000 00:00 0 
7fffe94d8000-7fffe94d9000 r-xp 00000000 00:00 0 
7fffe94d9000-7fffe94db000 rwxp 00000000 00:00 0 
7fffe94db000-7fffe94e1000 r-xp 00000000 00:00 0 
7fffe94e1000-7fffe94e2000 rwxp 00000000 00:00 0 
7fffe94e2000-7fffe94e4000 r-xp 00000000 00:00 0 
7fffe94e4000-7fffe94e9000 rwxp 00000000 00:00 0 
7fffe94e9000-7fffe94eb000 r-xp 00000000 00:00 0 
7fffe94eb000-7fffe94ec000 rwxp 00000000 00:00 0 
7fffe94ec000-7fffe94ee000 r-xp 00000000 00:00 0 
7fffe94ee000-7fffe94ef000 rwxp 00000000 00:00 0 
7fffe94ef000-7fffe94f2000 r-xp 00000000 00:00 0 
7fffe94f2000-7fffe94f5000 rwxp 00000000 00:00 0 
7fffe94f5000-7fffe9500000 r-xp 00000000 00:00 0 
7fffe9500000-7fffe9501000 rwxp 00000000 00:00 0 
7fffe9501000-7fffe950c000 r-xp 00000000 00:00 0 
7fffe950c000-7fffe9510000 rwxp 00000000 00:00 0 
7fffe9510000-7fffe9512000 r-xp 00000000 00:00 0 
7fffe9512000-7fffe9514000 rwxp 00000000 00:00 0 
7fffe9514000-7fffe9516000 r-xp 00000000 00:00 0 
7fffe9516000-7fffe9519000 rwxp 00000000 00:00 0 
7fffe9519000-7fffe9520000 r-xp 00000000 00:00 0 
7fffe9520000-7fffe9521000 rwxp 00000000 00:00 0 
7fffe9521000-7fffe9523000 r-xp 00000000 00:00 0 
7fffe9523000-7fffe952b000 rwxp 00000000 00:00 0 
7fffe952b000-7fffe952f000 r-xp 00000000 00:00 0 
7fffe952f000-7fffe9536000 rwxp 00000000 00:00 0 
7fffe9536000-7fffe9538000 r-xp 00000000 00:00 0 
7fffe9538000-7fffe9539000 rwxp 00000000 00:00 0 
7fffe9539000-7fffe953a000 r-xp 00000000 00:00 0 
7fffe953a000-7fffe953c000 rwxp 00000000 00:00 0 
7fffe953c000-7fffe953e000 r-xp 00000000 00:00 0 
7fffe953e000-7fffe953f000 rwxp 00000000 00:00 0 
7fffe953f000-7fffe9543000 r-xp 00000000 00:00 0 
7fffe9543000-7fffe9544000 rwxp 00000000 00:00 0 
7fffe9544000-7fffe9545000 r-xp 00000000 00:00 0 
7fffe9545000-7fffe9546000 rwxp 00000000 00:00 0 
7fffe9546000-7fffe9547000 r-xp 00000000 00:00 0 
7fffe9547000-7fffe9549000 rwxp 00000000 00:00 0 
7fffe9549000-7fffe954d000 r-xp 00000000 00:00 0 
7fffe954d000-7fffe954e000 rwxp 00000000 00:00 0 
7fffe954e000-7fffe9555000 r-xp 00000000 00:00 0 
7fffe9555000-7fffe9557000 rwxp 00000000 00:00 0 
7fffe9557000-7fffe9559000 r-xp 00000000 00:00 0 
7fffe9559000-7fffe955a000 rwxp 00000000 00:00 0 
7fffe955a000-7fffe955d000 r-xp 00000000 00:00 0 
7fffe955d000-7fffe955f000 rwxp 00000000 00:00 0 
7fffe955f000-7fffe9560000 r-xp 00000000 00:00 0 
7fffe9560000-7fffe9563000 rwxp 00000000 00:00 0 
7fffe9563000-7fffe9565000 r-xp 00000000 00:00 0 
7fffe9565000-7fffe9567000 rwxp 00000000 00:00 0 
7fffe9567000-7fffe9568000 r-xp 00000000 00:00 0 
7fffe9568000-7fffe9569000 rwxp 00000000 00:00 0 
7fffe9569000-7fffe956b000 r-xp 00000000 00:00 0 
7fffe956b000-7fffe9571000 rwxp 00000000 00:00 0 
7fffe9571000-7fffe9572000 r-xp 00000000 00:00 0 
7fffe9572000-7fffe9574000 rwxp 00000000 00:00 0 
7fffe9574000-7fffe9578000 r-xp 00000000 00:00 0 
7fffe9578000-7fffe957a000 rwxp 00000000 00:00 0 
7fffe957a000-7fffe957c000 r-xp 00000000 00:00 0 
7fffe957c000-7fffe957d000 rwxp 00000000 00:00 0 
7fffe957d000-7fffe9580000 r-xp 00000000 00:00 0 
7fffe9580000-7fffe9581000 rwxp 00000000 00:00 0 
7fffe9581000-7fffe9589000 r-xp 00000000 00:00 0 
7fffe9589000-7fffe958a000 rwxp 00000000 00:00 0 
7fffe958a000-7fffe958d000 r-xp 00000000 00:00 0 
7fffe958d000-7fffe958e000 rwxp 00000000 00:00 0 
7fffe958e000-7fffe958f000 r-xp 00000000 00:00 0 
7fffe958f000-7fffe9592000 rwxp 00000000 00:00 0 
7fffe9592000-7fffe9595000 r-xp 00000000 00:00 0 
7fffe9595000-7fffe9596000 rwxp 00000000 00:00 0 
7fffe9596000-7fffe9599000 r-xp 00000000 00:00 0 
7fffe9599000-7fffe959b000 rwxp 00000000 00:00 0 
7fffe959b000-7fffe959c000 r-xp 00000000 00:00 0 
7fffe959c000-7fffe95a1000 rwxp 00000000 00:00 0 
7fffe95a1000-7fffe95a6000 r-xp 00000000 00:00 0 
7fffe95a6000-7fffe95a8000 rwxp 00000000 00:00 0 
7fffe95a8000-7fffe95aa000 r-xp 00000000 00:00 0 
7fffe95aa000-7fffe95ad000 rwxp 00000000 00:00 0 
7fffe95ad000-7fffe95ae000 r-xp 00000000 00:00 0 
7fffe95ae000-7fffe95af000 rwxp 00000000 00:00 0 
7fffe95af000-7fffe95b3000 r-xp 00000000 00:00 0 
7fffe95b3000-7fffe95b4000 rwxp 00000000 00:00 0 
7fffe95b4000-7fffe95b5000 r-xp 00000000 00:00 0 
7fffe95b5000-7fffe95b6000 rwxp 00000000 00:00 0 
7fffe95b6000-7fffe95bc000 r-xp 00000000 00:00 0 
7fffe95bc000-7fffe95bd000 rwxp 00000000 00:00 0 
7fffe95bd000-7fffe95bf000 r-xp 00000000 00:00 0 
7fffe95bf000-7fffe95c2000 rwxp 00000000 00:00 0 
7fffe95c2000-7fffe95c3000 r-xp 00000000 00:00 0 
7fffe95c3000-7fffe95c5000 rwxp 00000000 00:00 0 
7fffe95c5000-7fffe95c8000 r-xp 00000000 00:00 0 
7fffe95c8000-7fffe95c9000 rwxp 00000000 00:00 0 
7fffe95c9000-7fffe95cb000 r-xp 00000000 00:00 0 
7fffe95cb000-7fffe95cc000 rwxp 00000000 00:00 0 
7fffe95cc000-7fffe95d1000 r-xp 00000000 00:00 0 
7fffe95d1000-7fffe95d4000 rwxp 00000000 00:00 0 
7fffe95d4000-7fffe95d8000 r-xp 00000000 00:00 0 
7fffe95d8000-7fffe95d9000 rwxp 00000000 00:00 0 
7fffe95d9000-7fffe95dc000 r-xp 00000000 00:00 0 
7fffe95dc000-7fffe95e0000 rwxp 00000000 00:00 0 
7fffe95e0000-7fffe95fa000 r-xp 00000000 00:00 0 
7fffe95fa000-7fffe95fb000 rwxp 00000000 00:00 0 
7fffe95fb000-7fffe95fd000 r-xp 00000000 00:00 0 
7fffe95fd000-7fffe95fe000 rwxp 00000000 00:00 0 
7fffe95fe000-7fffe95ff000 r-xp 00000000 00:00 0 
7fffe95ff000-7fffe9600000 rwxp 00000000 00:00 0 
7fffe9600000-7fffe9602000 r-xp 00000000 00:00 0 
7fffe9602000-7fffe9605000 rwxp 00000000 00:00 0 
7fffe9605000-7fffe9608000 r-xp 00000000 00:00 0 
7fffe9608000-7fffe960a000 rwxp 00000000 00:00 0 
7fffe960a000-7fffe9611000 r-xp 00000000 00:00 0 
7fffe9611000-7fffe9612000 rwxp 00000000 00:00 0 
7fffe9612000-7fffe9614000 r-xp 00000000 00:00 0 
7fffe9614000-7fffe9615000 rwxp 00000000 00:00 0 
7fffe9615000-7fffe9616000 r-xp 00000000 00:00 0 
7fffe9616000-7fffe9619000 rwxp 00000000 00:00 0 
7fffe9619000-7fffe961d000 r-xp 00000000 00:00 0 
7fffe961d000-7fffe961e000 rwxp 00000000 00:00 0 
7fffe961e000-7fffe9635000 r-xp 00000000 00:00 0 
7fffe9635000-7fffe963a000 rwxp 00000000 00:00 0 
7fffe963a000-7fffe963e000 r-xp 00000000 00:00 0 
7fffe963e000-7fffe963f000 rwxp 00000000 00:00 0 
7fffe963f000-7fffe9641000 r-xp 00000000 00:00 0 
7fffe9641000-7fffe9644000 rwxp 00000000 00:00 0 
7fffe9644000-7fffe9649000 r-xp 00000000 00:00 0 
7fffe9649000-7fffe964e000 rwxp 00000000 00:00 0 
7fffe964e000-7fffe964f000 r-xp 00000000 00:00 0 
7fffe964f000-7fffe9651000 rwxp 00000000 00:00 0 
7fffe9651000-7fffe9658000 r-xp 00000000 00:00 0 
7fffe9658000-7fffe965c000 rwxp 00000000 00:00 0 
7fffe965c000-7fffe965d000 r-xp 00000000 00:00 0 
7fffe965d000-7fffe9664000 rwxp 00000000 00:00 0 
7fffe9664000-7fffe9665000 r-xp 00000000 00:00 0 
7fffe9665000-7fffe9668000 rwxp 00000000 00:00 0 
7fffe9668000-7fffe9669000 r-xp 00000000 00:00 0 
7fffe9669000-7fffe966a000 rwxp 00000000 00:00 0 
7fffe966a000-7fffe966d000 r-xp 00000000 00:00 0 
7fffe966d000-7fffe966e000 rwxp 00000000 00:00 0 
7fffe966e000-7fffe966f000 r-xp 00000000 00:00 0 
7fffe966f000-7fffe9673000 rwxp 00000000 00:00 0 
7fffe9673000-7fffe9674000 r-xp 00000000 00:00 0 
7fffe9674000-7fffe967a000 rwxp 00000000 00:00 0 
7fffe967a000-7fffe967c000 r-xp 00000000 00:00 0 
7fffe967c000-7fffe9680000 rwxp 00000000 00:00 0 
7fffe9680000-7fffe9681000 r-xp 00000000 00:00 0 
7fffe9681000-7fffe9690000 rwxp 00000000 00:00 0 
7fffe9690000-7fffe9691000 r-xp 00000000 00:00 0 
7fffe9691000-7fffe9692000 rwxp 00000000 00:00 0 
7fffe9692000-7fffe9695000 r-xp 00000000 00:00 0 
7fffe9695000-7fffe9697000 rwxp 00000000 00:00 0 
7fffe9697000-7fffe969a000 r-xp 00000000 00:00 0 
7fffe969a000-7fffe969e000 rwxp 00000000 00:00 0 
7fffe969e000-7fffe96a6000 r-xp 00000000 00:00 0 
7fffe96a6000-7fffe96a7000 rwxp 00000000 00:00 0 
7fffe96a7000-7fffe96b2000 r-xp 00000000 00:00 0 
7fffe96b2000-7fffe96b4000 rwxp 00000000 00:00 0 
7fffe96b4000-7fffe96b7000 r-xp 00000000 00:00 0 
7fffe96b7000-7fffe96b8000 rwxp 00000000 00:00 0 
7fffe96b8000-7fffe96b9000 r-xp 00000000 00:00 0 
7fffe96b9000-7fffe96bc000 rwxp 00000000 00:00 0 
7fffe96bc000-7fffe96bf000 r-xp 00000000 00:00 0 
7fffe96bf000-7fffe96cb000 rwxp 00000000 00:00 0 
7fffe96cb000-7fffe96d0000 r-xp 00000000 00:00 0 
7fffe96d0000-7fffe96d2000 rwxp 00000000 00:00 0 
7fffe96d2000-7fffe96d3000 r-xp 00000000 00:00 0 
7fffe96d3000-7fffe96ed000 rwxp 00000000 00:00 0 
7fffe96ed000-7fffe96f2000 r-xp 00000000 00:00 0 
7fffe96f2000-7fffe96f3000 rwxp 00000000 00:00 0 
7fffe96f3000-7fffe96fa000 r-xp 00000000 00:00 0 
7fffe96fa000-7fffe96fb000 rwxp 00000000 00:00 0 
7fffe96fb000-7fffe970d000 r-xp 00000000 00:00 0 
7fffe970d000-7fffe970f000 rwxp 00000000 00:00 0 
7fffe970f000-7fffe9711000 r-xp 00000000 00:00 0 
7fffe9711000-7fffe971a000 rwxp 00000000 00:00 0 
7fffe971a000-7fffe971f000 r-xp 00000000 00:00 0 
7fffe971f000-7fffe9724000 rwxp 00000000 00:00 0 
7fffe9724000-7fffe9728000 r-xp 00000000 00:00 0 
7fffe9728000-7fffe972a000 rwxp 00000000 00:00 0 
7fffe972a000-7fffe972f000 r-xp 00000000 00:00 0 
7fffe972f000-7fffe9731000 rwxp 00000000 00:00 0 
7fffe9731000-7fffe9732000 r-xp 00000000 00:00 0 
7fffe9732000-7fffe9733000 rwxp 00000000 00:00 0 
7fffe9733000-7fffe9734000 r-xp 00000000 00:00 0 
7fffe9734000-7fffe9735000 rwxp 00000000 00:00 0 
7fffe9735000-7fffe9736000 r-xp 00000000 00:00 0 
7fffe9736000-7fffe973b000 rwxp 00000000 00:00 0 
7fffe973b000-7fffe973c000 r-xp 00000000 00:00 0 
7fffe973c000-7fffe973f000 rwxp 00000000 00:00 0 
7fffe973f000-7fffe9740000 r-xp 00000000 00:00 0 
7fffe9740000-7fffe9741000 rwxp 00000000 00:00 0 
7fffe9741000-7fffe9742000 r-xp 00000000 00:00 0 
7fffe9742000-7fffe9744000 rwxp 00000000 00:00 0 
7fffe9744000-7fffe9748000 r-xp 00000000 00:00 0 
7fffe9748000-7fffe9749000 rwxp 00000000 00:00 0 
7fffe9749000-7fffe974a000 r-xp 00000000 00:00 0 
7fffe974a000-7fffe974d000 rwxp 00000000 00:00 0 
7fffe974d000-7fffe974e000 r-xp 00000000 00:00 0 
7fffe974e000-7fffe9751000 rwxp 00000000 00:00 0 
7fffe9751000-7fffe975a000 r-xp 00000000 00:00 0 
7fffe975a000-7fffe975b000 rwxp 00000000 00:00 0 
7fffe975b000-7fffe975e000 r-xp 00000000 00:00 0 
7fffe975e000-7fffe9760000 rwxp 00000000 00:00 0 
7fffe9760000-7fffe9761000 r-xp 00000000 00:00 0 
7fffe9761000-7fffe9765000 rwxp 00000000 00:00 0 
7fffe9765000-7fffe9767000 r-xp 00000000 00:00 0 
7fffe9767000-7fffe9769000 rwxp 00000000 00:00 0 
7fffe9769000-7fffe976a000 r-xp 00000000 00:00 0 
7fffe976a000-7fffe9774000 rwxp 00000000 00:00 0 
7fffe9774000-7fffe9778000 r-xp 00000000 00:00 0 
7fffe9778000-7fffe977c000 rwxp 00000000 00:00 0 
7fffe977c000-7fffe977f000 r-xp 00000000 00:00 0 
7fffe977f000-7fffe9780000 rwxp 00000000 00:00 0 
7fffe9780000-7fffe9784000 r-xp 00000000 00:00 0 
7fffe9784000-7fffe978d000 rwxp 00000000 00:00 0 
7fffe978d000-7fffe9794000 r-xp 00000000 00:00 0 
7fffe9794000-7fffe9795000 rwxp 00000000 00:00 0 
7fffe9795000-7fffe9797000 r-xp 00000000 00:00 0 
7fffe9797000-7fffe9798000 rwxp 00000000 00:00 0 
7fffe9798000-7fffe979b000 r-xp 00000000 00:00 0 
7fffe979b000-7fffe979c000 rwxp 00000000 00:00 0 
7fffe979c000-7fffe979d000 r-xp 00000000 00:00 0 
7fffe979d000-7fffe97a0000 rwxp 00000000 00:00 0 
7fffe97a0000-7fffe97a4000 r-xp 00000000 00:00 0 
7fffe97a4000-7fffe97a6000 rwxp 00000000 00:00 0 
7fffe97a6000-7fffe97a7000 r-xp 00000000 00:00 0 
7fffe97a7000-7fffe97bb000 rwxp 00000000 00:00 0 
7fffe97bb000-7fffe97d0000 r-xp 00000000 00:00 0 
7fffe97d0000-7fffe97d4000 rwxp 00000000 00:00 0 
7fffe97d4000-7fffe97d6000 r-xp 00000000 00:00 0 
7fffe97d6000-7fffe97d8000 rwxp 00000000 00:00 0 
7fffe97d8000-7fffe97da000 r-xp 00000000 00:00 0 
7fffe97da000-7fffe97db000 rwxp 00000000 00:00 0 
7fffe97db000-7fffe97de000 r-xp 00000000 00:00 0 
7fffe97de000-7fffe97e4000 rwxp 00000000 00:00 0 
7fffe97e4000-7fffe97e7000 r-xp 00000000 00:00 0 
7fffe97e7000-7fffe97ee000 rwxp 00000000 00:00 0 
7fffe97ee000-7fffe97f1000 r-xp 00000000 00:00 0 
7fffe97f1000-7fffe9807000 rwxp 00000000 00:00 0 
7fffe9807000-7fffe9809000 r-xp 00000000 00:00 0 
7fffe9809000-7fffe9870000 rwxp 00000000 00:00 0 
7fffe9870000-7fffe9877000 r-xp 00000000 00:00 0 
7fffe9877000-7fffe9878000 rwxp 00000000 00:00 0 
7fffe9878000-7fffe987a000 r-xp 00000000 00:00 0 
7fffe987a000-7fffe987b000 rwxp 00000000 00:00 0 
7fffe987b000-7fffe9880000 r-xp 00000000 00:00 0 
7fffe9880000-7fffe9881000 rwxp 00000000 00:00 0 
7fffe9881000-7fffe9882000 r-xp 00000000 00:00 0 
7fffe9882000-7fffe9883000 rwxp 00000000 00:00 0 
7fffe9883000-7fffe9885000 r-xp 00000000 00:00 0 
7fffe9885000-7fffe9888000 rwxp 00000000 00:00 0 
7fffe9888000-7fffe9889000 r-xp 00000000 00:00 0 
7fffe9889000-7fffe988c000 rwxp 00000000 00:00 0 
7fffe988c000-7fffe988e000 r-xp 00000000 00:00 0 
7fffe988e000-7fffe988f000 rwxp 00000000 00:00 0 
7fffe988f000-7fffe9896000 r-xp 00000000 00:00 0 
7fffe9896000-7fffe98a5000 rwxp 00000000 00:00 0 
7fffe98a5000-7fffe98a7000 r-xp 00000000 00:00 0 
7fffe98a7000-7fffe98a9000 rwxp 00000000 00:00 0 
7fffe98a9000-7fffe98aa000 r-xp 00000000 00:00 0 
7fffe98aa000-7fffe98ad000 rwxp 00000000 00:00 0 
7fffe98ad000-7fffe98ae000 r-xp 00000000 00:00 0 
7fffe98ae000-7fffe98af000 rwxp 00000000 00:00 0 
7fffe98af000-7fffe98b0000 r-xp 00000000 00:00 0 
7fffe98b0000-7fffe98be000 rwxp 00000000 00:00 0 
7fffe98be000-7fffe98bf000 r-xp 00000000 00:00 0 
7fffe98bf000-7fffe98c1000 rwxp 00000000 00:00 0 
7fffe98c1000-7fffe98c2000 r-xp 00000000 00:00 0 
7fffe98c2000-7fffe98c5000 rwxp 00000000 00:00 0 
7fffe98c5000-7fffe98c6000 r-xp 00000000 00:00 0 
7fffe98c6000-7fffe98d3000 rwxp 00000000 00:00 0 
7fffe98d3000-7fffe98d4000 r-xp 00000000 00:00 0 
7fffe98d4000-7fffe98d7000 rwxp 00000000 00:00 0 
7fffe98d7000-7fffe98d8000 r-xp 00000000 00:00 0 
7fffe98d8000-7fffe98d9000 rwxp 00000000 00:00 0 
7fffe98d9000-7fffe98db000 r-xp 00000000 00:00 0 
7fffe98db000-7fffe9951000 rwxp 00000000 00:00 0 
7fffe9951000-7fffe9955000 r-xp 00000000 00:00 0 
7fffe9955000-7fffe9956000 rwxp 00000000 00:00 0 
7fffe9956000-7fffe995c000 r-xp 00000000 00:00 0 
7fffe995c000-7fffe995e000 rwxp 00000000 00:00 0 
7fffe995e000-7fffe995f000 r-xp 00000000 00:00 0 
7fffe995f000-7fffe9966000 rwxp 00000000 00:00 0 
7fffe9966000-7fffe9969000 r-xp 00000000 00:00 0 
7fffe9969000-7fffe9972000 rwxp 00000000 00:00 0 
7fffe9972000-7fffe9974000 r-xp 00000000 00:00 0 
7fffe9974000-7fffe9977000 rwxp 00000000 00:00 0 
7fffe9977000-7fffe997d000 r-xp 00000000 00:00 0 
7fffe997d000-7fffe997e000 rwxp 00000000 00:00 0 
7fffe997e000-7fffe997f000 r-xp 00000000 00:00 0 
7fffe997f000-7fffe9980000 rwxp 00000000 00:00 0 
7fffe9980000-7fffe9983000 r-xp 00000000 00:00 0 
7fffe9983000-7fffe9989000 rwxp 00000000 00:00 0 
7fffe9989000-7fffe998c000 r-xp 00000000 00:00 0 
7fffe998c000-7fffe9990000 rwxp 00000000 00:00 0 
7fffe9990000-7fffe9991000 r-xp 00000000 00:00 0 
7fffe9991000-7fffe9994000 rwxp 00000000 00:00 0 
7fffe9994000-7fffe9995000 r-xp 00000000 00:00 0 
7fffe9995000-7fffe999d000 rwxp 00000000 00:00 0 
7fffe999d000-7fffe999e000 r-xp 00000000 00:00 0 
7fffe999e000-7fffe999f000 rwxp 00000000 00:00 0 
7fffe999f000-7fffe99a0000 r-xp 00000000 00:00 0 
7fffe99a0000-7fffe99a7000 rwxp 00000000 00:00 0 
7fffe99a7000-7fffe99ab000 r-xp 00000000 00:00 0 
7fffe99ab000-7fffe99ad000 rwxp 00000000 00:00 0 
7fffe99ad000-7fffe99af000 r-xp 00000000 00:00 0 
7fffe99af000-7fffe99b1000 rwxp 00000000 00:00 0 
7fffe99b1000-7fffe99b3000 r-xp 00000000 00:00 0 
7fffe99b3000-7fffe99b4000 rwxp 00000000 00:00 0 
7fffe99b4000-7fffe99b6000 r-xp 00000000 00:00 0 
7fffe99b6000-7fffe99b7000 rwxp 00000000 00:00 0 
7fffe99b7000-7fffe99b8000 r-xp 00000000 00:00 0 
7fffe99b8000-7fffe99c0000 rwxp 00000000 00:00 0 
7fffe99c0000-7fffe99c6000 r-xp 00000000 00:00 0 
7fffe99c6000-7fffe99ca000 rwxp 00000000 00:00 0 
7fffe99ca000-7fffe99cf000 r-xp 00000000 00:00 0 
7fffe99cf000-7fffe99d3000 rwxp 00000000 00:00 0 
7fffe99d3000-7fffe99d4000 r-xp 00000000 00:00 0 
7fffe99d4000-7fffe99d8000 rwxp 00000000 00:00 0 
7fffe99d8000-7fffe99d9000 r-xp 00000000 00:00 0 
7fffe99d9000-7fffe99db000 rwxp 00000000 00:00 0 
7fffe99db000-7fffe99dc000 r-xp 00000000 00:00 0 
7fffe99dc000-7fffe99de000 rwxp 00000000 00:00 0 
7fffe99de000-7fffe99df000 r-xp 00000000 00:00 0 
7fffe99df000-7fffe9a5e000 rwxp 00000000 00:00 0 
7fffe9a5e000-7fffe9a60000 r-xp 00000000 00:00 0 
7fffe9a60000-7fffe9a61000 rwxp 00000000 00:00 0 
7fffe9a61000-7fffe9a62000 r-xp 00000000 00:00 0 
7fffe9a62000-7fffe9a64000 rwxp 00000000 00:00 0 
7fffe9a64000-7fffe9a65000 r-xp 00000000 00:00 0 
7fffe9a65000-7fffe9a6b000 rwxp 00000000 00:00 0 
7fffe9a6b000-7fffe9a6d000 r-xp 00000000 00:00 0 
7fffe9a6d000-7fffe9a70000 rwxp 00000000 00:00 0 
7fffe9a70000-7fffe9a74000 r-xp 00000000 00:00 0 
7fffe9a74000-7fffe9a75000 rwxp 00000000 00:00 0 
7fffe9a75000-7fffe9a79000 r-xp 00000000 00:00 0 
7fffe9a79000-7fffe9a7a000 rwxp 00000000 00:00 0 
7fffe9a7a000-7fffe9a7c000 r-xp 00000000 00:00 0 
7fffe9a7c000-7fffe9a7d000 rwxp 00000000 00:00 0 
7fffe9a7d000-7fffe9a8d000 r-xp 00000000 00:00 0 
7fffe9a8d000-7fffe9a91000 rwxp 00000000 00:00 0 
7fffe9a91000-7fffe9a97000 r-xp 00000000 00:00 0 
7fffe9a97000-7fffe9a99000 rwxp 00000000 00:00 0 
7fffe9a99000-7fffe9a9a000 r-xp 00000000 00:00 0 
7fffe9a9a000-7fffe9a9b000 rwxp 00000000 00:00 0 
7fffe9a9b000-7fffe9a9c000 r-xp 00000000 00:00 0 
7fffe9a9c000-7fffe9a9f000 rwxp 00000000 00:00 0 
7fffe9a9f000-7fffe9aa3000 r-xp 00000000 00:00 0 
7fffe9aa3000-7fffe9aab000 rwxp 00000000 00:00 0 
7fffe9aab000-7fffe9aac000 r-xp 00000000 00:00 0 
7fffe9aac000-7fffe9aba000 rwxp 00000000 00:00 0 
7fffe9aba000-7fffe9abc000 r-xp 00000000 00:00 0 
7fffe9abc000-7fffe9ac1000 rwxp 00000000 00:00 0 
7fffe9ac1000-7fffe9ac7000 r-xp 00000000 00:00 0 
7fffe9ac7000-7fffe9ac9000 rwxp 00000000 00:00 0 
7fffe9ac9000-7fffe9acf000 r-xp 00000000 00:00 0 
7fffe9acf000-7fffe9ad0000 rwxp 00000000 00:00 0 
7fffe9ad0000-7fffe9ad1000 r-xp 00000000 00:00 0 
7fffe9ad1000-7fffe9ad9000 rwxp 00000000 00:00 0 
7fffe9ad9000-7fffe9add000 r-xp 00000000 00:00 0 
7fffe9add000-7fffe9ade000 rwxp 00000000 00:00 0 
7fffe9ade000-7fffe9aec000 r-xp 00000000 00:00 0 
7fffe9aec000-7fffe9aef000 rwxp 00000000 00:00 0 
7fffe9aef000-7fffe9af6000 r-xp 00000000 00:00 0 
7fffe9af6000-7fffe9af7000 rwxp 00000000 00:00 0 
7fffe9af7000-7fffe9af9000 r-xp 00000000 00:00 0 
7fffe9af9000-7fffe9aff000 rwxp 00000000 00:00 0 
7fffe9aff000-7fffe9b00000 r-xp 00000000 00:00 0 
7fffe9b00000-7fffe9b0c000 rwxp 00000000 00:00 0 
7fffe9b0c000-7fffe9b0f000 r-xp 00000000 00:00 0 
7fffe9b0f000-7fffe9b12000 rwxp 00000000 00:00 0 
7fffe9b12000-7fffe9b15000 r-xp 00000000 00:00 0 
7fffe9b15000-7fffe9b17000 rwxp 00000000 00:00 0 
7fffe9b17000-7fffe9b1a000 r-xp 00000000 00:00 0 
7fffe9b1a000-7fffe9b1d000 rwxp 00000000 00:00 0 
7fffe9b1d000-7fffe9b1f000 r-xp 00000000 00:00 0 
7fffe9b1f000-7fffe9b22000 rwxp 00000000 00:00 0 
7fffe9b22000-7fffe9b23000 r-xp 00000000 00:00 0 
7fffe9b23000-7fffe9b24000 rwxp 00000000 00:00 0 
7fffe9b24000-7fffe9b25000 r-xp 00000000 00:00 0 
7fffe9b25000-7fffe9b27000 rwxp 00000000 00:00 0 
7fffe9b27000-7fffe9b28000 r-xp 00000000 00:00 0 
7fffe9b28000-7fffe9b2b000 rwxp 00000000 00:00 0 
7fffe9b2b000-7fffe9b2c000 r-xp 00000000 00:00 0 
7fffe9b2c000-7fffe9b2f000 rwxp 00000000 00:00 0 
7fffe9b2f000-7fffe9b31000 r-xp 00000000 00:00 0 
7fffe9b31000-7fffe9b37000 rwxp 00000000 00:00 0 
7fffe9b37000-7fffe9b38000 r-xp 00000000 00:00 0 
7fffe9b38000-7fffe9b3b000 rwxp 00000000 00:00 0 
7fffe9b3b000-7fffe9b3c000 r-xp 00000000 00:00 0 
7fffe9b3c000-7fffe9b3f000 rwxp 00000000 00:00 0 
7fffe9b3f000-7fffe9b40000 r-xp 00000000 00:00 0 
7fffe9b40000-7fffe9b44000 rwxp 00000000 00:00 0 
7fffe9b44000-7fffe9b45000 r-xp 00000000 00:00 0 
7fffe9b45000-7fffe9b48000 rwxp 00000000 00:00 0 
7fffe9b48000-7fffe9b4f000 r-xp 00000000 00:00 0 
7fffe9b4f000-7fffe9b67000 rwxp 00000000 00:00 0 
7fffe9b67000-7ffff7df7000 ---p 00000000 00:00 0 
7ffff7df7000-7ffff7dff000 r-xp 00000000 fe:01 2241945                    /usr/lib/jvm/java-8-openjdk-amd64/jre/lib/amd64/libzip.so
7ffff7dff000-7ffff7ffe000 ---p 00008000 fe:01 2241945                    /usr/lib/jvm/java-8-openjdk-amd64/jre/lib/amd64/libzip.so
7ffff7ffe000-7ffff7fff000 r--p 00007000 fe:01 2241945                    /usr/lib/jvm/java-8-openjdk-amd64/jre/lib/amd64/libzip.so
7ffff7fff000-7ffff8000000 rw-p 00008000 fe:01 2241945                    /usr/lib/jvm/java-8-openjdk-amd64/jre/lib/amd64/libzip.so
7ffff8000000-7ffff8d7e000 rw-p 00000000 00:00 0 
7ffff8d7e000-7ffffc000000 ---p 00000000 00:00 0 
7ffffc00c000-7ffffc00e000 r--s 00016000 fe:01 2241986                    /usr/lib/jvm/java-8-openjdk-amd64/jre/lib/jce.jar
7ffffc00e000-7ffffc010000 r--s 00010000 fe:01 2241972                    /usr/lib/jvm/java-8-openjdk-amd64/jre/lib/ext/zipfs.jar
7ffffc010000-7ffffc012000 r--s 00001000 fe:01 2241964                    /usr/lib/jvm/java-8-openjdk-amd64/jre/lib/ext/dnsns.jar
7ffffc012000-7ffffc018000 r--s 0003d000 fe:01 2241970                    /usr/lib/jvm/java-8-openjdk-amd64/jre/lib/ext/sunjce_provider.jar
7ffffc018000-7ffffc01a000 r--s 00008000 fe:01 2241969                    /usr/lib/jvm/java-8-openjdk-amd64/jre/lib/ext/sunec.jar
7ffffc01a000-7ffffc01e000 r--s 00040000 fe:01 2241971                    /usr/lib/jvm/java-8-openjdk-amd64/jre/lib/ext/sunpkcs11.jar
7ffffc01e000-7ffffc039000 r--s 001d6000 fe:01 2241968                    /usr/lib/jvm/java-8-openjdk-amd64/jre/lib/ext/nashorn.jar
7ffffc039000-7ffffc044000 r--s 00116000 fe:01 2241967                    /usr/lib/jvm/java-8-openjdk-amd64/jre/lib/ext/localedata.jar
7ffffc044000-7ffffc04a000 r--s 000d3000 fe:01 2241989                    /usr/lib/jvm/java-8-openjdk-amd64/jre/lib/jfr.jar
7ffffc04a000-7ffffc071000 rw-p 00000000 00:00 0 
7ffffc071000-7ffffc072000 ---p 00000000 00:00 0 
7ffffc072000-7ffffc172000 rw-p 00000000 00:00 0 
7ffffc172000-7ffffc17a000 rw-s 00000000 fe:01 2243597                    /tmp/hsperfdata_root/1
7ffffc17a000-7ffffc185000 r-xp 00000000 fe:01 2146723                    /lib/x86_64-linux-gnu/libnss_files-2.23.so
7ffffc185000-7ffffc384000 ---p 0000b000 fe:01 2146723                    /lib/x86_64-linux-gnu/libnss_files-2.23.so
7ffffc384000-7ffffc385000 r--p 0000a000 fe:01 2146723                    /lib/x86_64-linux-gnu/libnss_files-2.23.so
7ffffc385000-7ffffc386000 rw-p 0000b000 fe:01 2146723                    /lib/x86_64-linux-gnu/libnss_files-2.23.so
7ffffc386000-7ffffc38c000 rw-p 00000000 00:00 0 
7ffffc38c000-7ffffc397000 r-xp 00000000 fe:01 2146727                    /lib/x86_64-linux-gnu/libnss_nis-2.23.so
7ffffc397000-7ffffc596000 ---p 0000b000 fe:01 2146727                    /lib/x86_64-linux-gnu/libnss_nis-2.23.so
7ffffc596000-7ffffc597000 r--p 0000a000 fe:01 2146727                    /lib/x86_64-linux-gnu/libnss_nis-2.23.so
7ffffc597000-7ffffc598000 rw-p 0000b000 fe:01 2146727                    /lib/x86_64-linux-gnu/libnss_nis-2.23.so
7ffffc598000-7ffffc5ae000 r-xp 00000000 fe:01 2146717                    /lib/x86_64-linux-gnu/libnsl-2.23.so
7ffffc5ae000-7ffffc7ad000 ---p 00016000 fe:01 2146717                    /lib/x86_64-linux-gnu/libnsl-2.23.so
7ffffc7ad000-7ffffc7ae000 r--p 00015000 fe:01 2146717                    /lib/x86_64-linux-gnu/libnsl-2.23.so
7ffffc7ae000-7ffffc7af000 rw-p 00016000 fe:01 2146717                    /lib/x86_64-linux-gnu/libnsl-2.23.so
7ffffc7af000-7ffffc7b1000 rw-p 00000000 00:00 0 
7ffffc7b1000-7ffffc7b9000 r-xp 00000000 fe:01 2146719                    /lib/x86_64-linux-gnu/libnss_compat-2.23.so
7ffffc7b9000-7ffffc9b8000 ---p 00008000 fe:01 2146719                    /lib/x86_64-linux-gnu/libnss_compat-2.23.so
7ffffc9b8000-7ffffc9b9000 r--p 00007000 fe:01 2146719                    /lib/x86_64-linux-gnu/libnss_compat-2.23.so
7ffffc9b9000-7ffffc9ba000 rw-p 00008000 fe:01 2146719                    /lib/x86_64-linux-gnu/libnss_compat-2.23.so
7ffffc9ba000-7ffffc9bd000 r--s 0000f000 fe:01 2241965                    /usr/lib/jvm/java-8-openjdk-amd64/jre/lib/ext/icedtea-sound.jar
7ffffc9bd000-7ffffc9e7000 r-xp 00000000 fe:01 2241926                    /usr/lib/jvm/java-8-openjdk-amd64/jre/lib/amd64/libjava.so
7ffffc9e7000-7ffffcbe6000 ---p 0002a000 fe:01 2241926                    /usr/lib/jvm/java-8-openjdk-amd64/jre/lib/amd64/libjava.so
7ffffcbe6000-7ffffcbe7000 r--p 00029000 fe:01 2241926                    /usr/lib/jvm/java-8-openjdk-amd64/jre/lib/amd64/libjava.so
7ffffcbe7000-7ffffcbe9000 rw-p 0002a000 fe:01 2241926                    /usr/lib/jvm/java-8-openjdk-amd64/jre/lib/amd64/libjava.so
7ffffcbe9000-7ffffcbf8000 r-xp 00000000 fe:01 2241944                    /usr/lib/jvm/java-8-openjdk-amd64/jre/lib/amd64/libverify.so
7ffffcbf8000-7ffffcdf7000 ---p 0000f000 fe:01 2241944                    /usr/lib/jvm/java-8-openjdk-amd64/jre/lib/amd64/libverify.so
7ffffcdf7000-7ffffcdf9000 r--p 0000e000 fe:01 2241944                    /usr/lib/jvm/java-8-openjdk-amd64/jre/lib/amd64/libverify.so
7ffffcdf9000-7ffffcdfa000 rw-p 00010000 fe:01 2241944                    /usr/lib/jvm/java-8-openjdk-amd64/jre/lib/amd64/libverify.so
7ffffcdfa000-7ffffce01000 r-xp 00000000 fe:01 2146748                    /lib/x86_64-linux-gnu/librt-2.23.so
7ffffce01000-7ffffd000000 ---p 00007000 fe:01 2146748                    /lib/x86_64-linux-gnu/librt-2.23.so
7ffffd000000-7ffffd001000 r--p 00006000 fe:01 2146748                    /lib/x86_64-linux-gnu/librt-2.23.so
7ffffd001000-7ffffd002000 rw-p 00007000 fe:01 2146748                    /lib/x86_64-linux-gnu/librt-2.23.so
7ffffd002000-7ffffd005000 ---p 00000000 00:00 0 
7ffffd005000-7ffffd103000 rw-p 00000000 00:00 0 
7ffffd103000-7ffffd119000 r-xp 00000000 fe:01 2146695                    /lib/x86_64-linux-gnu/libgcc_s.so.1
7ffffd119000-7ffffd318000 ---p 00016000 fe:01 2146695                    /lib/x86_64-linux-gnu/libgcc_s.so.1
7ffffd318000-7ffffd319000 rw-p 00015000 fe:01 2146695                    /lib/x86_64-linux-gnu/libgcc_s.so.1
7ffffd319000-7ffffd421000 r-xp 00000000 fe:01 2146706                    /lib/x86_64-linux-gnu/libm-2.23.so
7ffffd421000-7ffffd620000 ---p 00108000 fe:01 2146706                    /lib/x86_64-linux-gnu/libm-2.23.so
7ffffd620000-7ffffd621000 r--p 00107000 fe:01 2146706                    /lib/x86_64-linux-gnu/libm-2.23.so
7ffffd621000-7ffffd622000 rw-p 00108000 fe:01 2146706                    /lib/x86_64-linux-gnu/libm-2.23.so
7ffffd622000-7ffffd794000 r-xp 00000000 fe:01 2147577                    /usr/lib/x86_64-linux-gnu/libstdc++.so.6.0.21
7ffffd794000-7ffffd994000 ---p 00172000 fe:01 2147577                    /usr/lib/x86_64-linux-gnu/libstdc++.so.6.0.21
7ffffd994000-7ffffd99e000 r--p 00172000 fe:01 2147577                    /usr/lib/x86_64-linux-gnu/libstdc++.so.6.0.21
7ffffd99e000-7ffffd9a0000 rw-p 0017c000 fe:01 2147577                    /usr/lib/x86_64-linux-gnu/libstdc++.so.6.0.21
7ffffd9a0000-7ffffd9a4000 rw-p 00000000 00:00 0 
7ffffd9a4000-7ffffe6ca000 r-xp 00000000 fe:01 2241950                    /usr/lib/jvm/java-8-openjdk-amd64/jre/lib/amd64/server/libjvm.so
7ffffe6ca000-7ffffe8c9000 ---p 00d26000 fe:01 2241950                    /usr/lib/jvm/java-8-openjdk-amd64/jre/lib/amd64/server/libjvm.so
7ffffe8c9000-7ffffe95f000 r--p 00d25000 fe:01 2241950                    /usr/lib/jvm/java-8-openjdk-amd64/jre/lib/amd64/server/libjvm.so
7ffffe95f000-7ffffe988000 rw-p 00dbb000 fe:01 2241950                    /usr/lib/jvm/java-8-openjdk-amd64/jre/lib/amd64/server/libjvm.so
7ffffe988000-7ffffe9be000 rw-p 00000000 00:00 0 
7ffffe9be000-7ffffe9d6000 r-xp 00000000 fe:01 2146742                    /lib/x86_64-linux-gnu/libpthread-2.23.so
7ffffe9d6000-7ffffebd5000 ---p 00018000 fe:01 2146742                    /lib/x86_64-linux-gnu/libpthread-2.23.so
7ffffebd5000-7ffffebd6000 r--p 00017000 fe:01 2146742                    /lib/x86_64-linux-gnu/libpthread-2.23.so
7ffffebd6000-7ffffebd7000 rw-p 00018000 fe:01 2146742                    /lib/x86_64-linux-gnu/libpthread-2.23.so
7ffffebd7000-7ffffebdc000 rw-p 00000000 00:00 0 
7ffffebdc000-7ffffebdf000 r-xp 00000000 fe:01 2146687                    /lib/x86_64-linux-gnu/libdl-2.23.so
7ffffebdf000-7ffffedde000 ---p 00003000 fe:01 2146687                    /lib/x86_64-linux-gnu/libdl-2.23.so
7ffffedde000-7ffffeddf000 r--p 00002000 fe:01 2146687                    /lib/x86_64-linux-gnu/libdl-2.23.so
7ffffeddf000-7ffffede0000 rw-p 00003000 fe:01 2146687                    /lib/x86_64-linux-gnu/libdl-2.23.so
7ffffede0000-7ffffedf9000 r-xp 00000000 fe:01 2146773                    /lib/x86_64-linux-gnu/libz.so.1.2.8
7ffffedf9000-7ffffeff8000 ---p 00019000 fe:01 2146773                    /lib/x86_64-linux-gnu/libz.so.1.2.8
7ffffeff8000-7ffffeff9000 r--p 00018000 fe:01 2146773                    /lib/x86_64-linux-gnu/libz.so.1.2.8
7ffffeff9000-7ffffeffa000 rw-p 00019000 fe:01 2146773                    /lib/x86_64-linux-gnu/libz.so.1.2.8
7ffffeffa000-7fffff1ba000 r-xp 00000000 fe:01 2146674                    /lib/x86_64-linux-gnu/libc-2.23.so
7fffff1ba000-7fffff3ba000 ---p 001c0000 fe:01 2146674                    /lib/x86_64-linux-gnu/libc-2.23.so
7fffff3ba000-7fffff3be000 r--p 001c0000 fe:01 2146674                    /lib/x86_64-linux-gnu/libc-2.23.so
7fffff3be000-7fffff3c0000 rw-p 001c4000 fe:01 2146674                    /lib/x86_64-linux-gnu/libc-2.23.so
7fffff3c0000-7fffff3c5000 rw-p 00000000 00:00 0 
7fffff3c5000-7fffff3c6000 r--s 0000a000 fe:01 2241966                    /usr/lib/jvm/java-8-openjdk-amd64/jre/lib/ext/jaccess.jar
7fffff3c6000-7fffff3c7000 rw-p 00000000 00:00 0 
7fffff3c7000-7fffff3c8000 ---p 00000000 00:00 0 
7fffff3c8000-7fffff3d6000 r-xp 00000000 fe:01 2241911                    /usr/lib/jvm/java-8-openjdk-amd64/jre/lib/amd64/jli/libjli.so
7fffff3d6000-7fffff5d5000 ---p 0000e000 fe:01 2241911                    /usr/lib/jvm/java-8-openjdk-amd64/jre/lib/amd64/jli/libjli.so
7fffff5d5000-7fffff5d6000 r--p 0000d000 fe:01 2241911                    /usr/lib/jvm/java-8-openjdk-amd64/jre/lib/amd64/jli/libjli.so
7fffff5d6000-7fffff5d7000 rw-p 0000e000 fe:01 2241911                    /usr/lib/jvm/java-8-openjdk-amd64/jre/lib/amd64/jli/libjli.so
7fffff5d7000-7fffff5d8000 ---p 00000000 00:00 0 
7fffff5d8000-7fffffdd8000 rw-p 00000000 00:00 0 
7fffffdd8000-7fffffdfe000 r-xp 00000000 fe:01 2146654                    /lib/x86_64-linux-gnu/ld-2.23.so
7fffffdfe000-7fffffffd000 ---p 00000000 00:00 0 
7fffffffd000-7fffffffe000 r--p 00025000 fe:01 2146654                    /lib/x86_64-linux-gnu/ld-2.23.so
7fffffffe000-7ffffffff000 rw-p 00026000 fe:01 2146654                    /lib/x86_64-linux-gnu/ld-2.23.so
7ffffffff000-800000000000 rw-p 00000000 00:00 0 
800000000000-800000023000 r--p 00000000 00:32 2                          /run/rosetta/rosetta
800000023000-800000081000 r-xp 00023000 00:32 2                          /run/rosetta/rosetta
800000090000-800000196000 rw-p 00090000 00:32 2                          /run/rosetta/rosetta
effff65d2000-effff6946000 rw-p 00000000 00:00 0 
effff6946000-effff6947000 ---p 00000000 00:00 0 
effff6947000-effff694b000 rw-p 00000000 00:00 0 
effff694b000-effff694c000 ---p 00000000 00:00 0 
effff694c000-effff6d2b000 rw-p 00000000 00:00 0 
effff6d2b000-effff6d2c000 ---p 00000000 00:00 0 
effff6d2c000-effff6d30000 rw-p 00000000 00:00 0 
effff6d30000-effff6d31000 ---p 00000000 00:00 0 
effff6d31000-effff6d3e000 rw-p 00000000 00:00 0 
effff6d3e000-effff6d3f000 ---p 00000000 00:00 0 
effff6d3f000-effff6d43000 rw-p 00000000 00:00 0 
effff6d43000-effff6d44000 ---p 00000000 00:00 0 
effff6d44000-effff7adc000 rw-p 00000000 00:00 0 
effff7adc000-effff7add000 ---p 00000000 00:00 0 
effff7add000-effff7ae1000 rw-p 00000000 00:00 0 
effff7ae1000-effff7ae2000 ---p 00000000 00:00 0 
effff7ae2000-effff7aee000 rw-p 00000000 00:00 0 
effff7aee000-effff7aef000 ---p 00000000 00:00 0 
effff7aef000-effff7af3000 rw-p 00000000 00:00 0 
effff7af3000-effff7af4000 ---p 00000000 00:00 0 
effff7af4000-effff7b12000 rw-p 00000000 00:00 0 
effff7b12000-effff7b13000 ---p 00000000 00:00 0 
effff7b13000-effff7b17000 rw-p 00000000 00:00 0 
effff7b17000-effff7b18000 ---p 00000000 00:00 0 
effff7b18000-effff7b21000 rw-p 00000000 00:00 0 
effff7b21000-effff7b22000 ---p 00000000 00:00 0 
effff7b22000-effff7b26000 rw-p 00000000 00:00 0 
effff7b26000-effff7b27000 ---p 00000000 00:00 0 
effff7b27000-effff7b2f000 rw-p 00000000 00:00 0 
effff7b2f000-effff7b30000 ---p 00000000 00:00 0 
effff7b30000-effff7b34000 rw-p 00000000 00:00 0 
effff7b34000-effff7b35000 ---p 00000000 00:00 0 
effff7b35000-effff7b3e000 rw-p 00000000 00:00 0 
effff7b3e000-effff7b3f000 ---p 00000000 00:00 0 
effff7b3f000-effff7b43000 rw-p 00000000 00:00 0 
effff7b43000-effff7b44000 ---p 00000000 00:00 0 
effff7b44000-effff7b51000 rw-p 00000000 00:00 0 
effff7b51000-effff7b52000 ---p 00000000 00:00 0 
effff7b52000-effff7b56000 rw-p 00000000 00:00 0 
effff7b56000-effff7b57000 ---p 00000000 00:00 0 
effff7b57000-effff7b80000 rw-p 00000000 00:00 0 
effff7b80000-effff7b81000 ---p 00000000 00:00 0 
effff7b81000-effff7b85000 rw-p 00000000 00:00 0 
effff7b85000-effff7b86000 ---p 00000000 00:00 0 
effff7b86000-effff7ba0000 rw-p 00000000 00:00 0 
effff7ba0000-effff7ba1000 ---p 00000000 00:00 0 
effff7ba1000-effff7ba5000 rw-p 00000000 00:00 0 
effff7ba5000-effff7ba6000 ---p 00000000 00:00 0 
effff7ba6000-effff7bd3000 rw-p 00000000 00:00 0 
effff7bd3000-effff7bd4000 ---p 00000000 00:00 0 
effff7bd4000-effff7bd8000 rw-p 00000000 00:00 0 
effff7bd8000-effff7bd9000 ---p 00000000 00:00 0 
effff7bd9000-effff7cb9000 rw-p 00000000 00:00 0 
effff7cb9000-effff7cba000 ---p 00000000 00:00 0 
effff7cba000-effff7cbe000 rw-p 00000000 00:00 0 
effff7cbe000-effff7cbf000 ---p 00000000 00:00 0 
effff7cbf000-effff7cc7000 rw-p 00000000 00:00 0 
effff7cc7000-effff7cc8000 ---p 00000000 00:00 0 
effff7cc8000-effff7ccc000 rw-p 00000000 00:00 0 
effff7ccc000-effff7ccd000 ---p 00000000 00:00 0 
effff7ccd000-effff7cd5000 rw-p 00000000 00:00 0 
effff7cd5000-effff7cd6000 ---p 00000000 00:00 0 
effff7cd6000-effff7cda000 rw-p 00000000 00:00 0 
effff7cda000-effff7cdb000 ---p 00000000 00:00 0 
effff7cdb000-effff7ce3000 rw-p 00000000 00:00 0 
effff7ce3000-effff7ce4000 ---p 00000000 00:00 0 
effff7ce4000-effff7ce8000 rw-p 00000000 00:00 0 
effff7ce8000-effff7ce9000 ---p 00000000 00:00 0 
effff7ce9000-effff7cf1000 rw-p 00000000 00:00 0 
effff7cf1000-effff7cf2000 ---p 00000000 00:00 0 
effff7cf2000-effff7cf6000 rw-p 00000000 00:00 0 
effff7cf6000-effff7cf7000 ---p 00000000 00:00 0 
effff7cf7000-effff7cff000 rw-p 00000000 00:00 0 
effff7cff000-effff7d00000 ---p 00000000 00:00 0 
effff7d00000-effff7d08000 rw-p 00000000 00:00 0 
effff7d08000-effff7d09000 ---p 00000000 00:00 0 
effff7d09000-effff7d0d000 rw-p 00000000 00:00 0 
effff7d0d000-effff7d0e000 ---p 00000000 00:00 0 
effff7d0e000-effff7d80000 rw-p 00000000 00:00 0 
effff7d80000-effff7d82000 rw-p 00000000 00:00 0 
effff7d82000-effff7d83000 ---p 00000000 00:00 0 
effff7d83000-effff7d87000 rw-p 00000000 00:00 0 
effff7d87000-effff7d88000 ---p 00000000 00:00 0 
effff7d88000-effff7d9c000 rw-p 00000000 00:00 0 
effff7d9c000-effff7d9d000 ---p 00000000 00:00 0 
effff7d9d000-effff7da1000 rw-p 00000000 00:00 0 
effff7da1000-effff7da2000 ---p 00000000 00:00 0 
effff7da2000-effff7de7000 rw-p 00000000 00:00 0 
effff7de7000-effff7de8000 ---p 00000000 00:00 0 
effff7de8000-effff7dec000 rw-p 00000000 00:00 0 
effff7dec000-effff7ded000 ---p 00000000 00:00 0 
effff7ded000-effff7ff8000 rw-p 00000000 00:00 0 
effff7ff8000-efffffff8000 rwxp 00000000 00:00 0 
efffffff8000-efffffff9000 rw-p 00000000 00:00 0 
efffffff9000-efffffffa000 ---p 00000000 00:00 0 
efffffffa000-f00008a86000 rw-p 00000000 00:00 0 
ffffa94db000-ffffa94dd000 r--p 00000000 00:00 0                          [vvar]
ffffa94dd000-ffffa94de000 r-xp 00000000 00:00 0                          [vdso]
fffff9229000-fffff924a000 rw-p 00000000 00:00 0                          [stack]

VM Arguments:
java_command: /dxCompiler.jar compile fullMitoPipeline_v2_6_Multi.wdl -project project-GbqfBQ8Jg52pv4zyq1fZJB9G -folder /workflows/MitochondriaPipelineSwirl_v2.6_Multi/ -f
java_class_path (initial): /dxCompiler.jar
Launcher Type: SUN_STANDARD

Environment Variables:
PATH=/usr/local/sbin:/usr/local/bin:/usr/sbin:/usr/bin:/sbin:/bin

Signal Handlers:
SIGSEGV: [libjvm.so+0xb1f1b0], sa_mask[0]=11111111111111111111111111111110, sa_flags=SA_RESTART|SA_SIGINFO
SIGBUS: [libjvm.so+0xb1f1b0], sa_mask[0]=11111111111111111111111111111110, sa_flags=SA_RESTART|SA_SIGINFO
SIGFPE: [libjvm.so+0x956cf0], sa_mask[0]=11111111111111111111111111111110, sa_flags=SA_RESTART|SA_SIGINFO
SIGPIPE: [libjvm.so+0x956cf0], sa_mask[0]=11111111111111111111111111111110, sa_flags=SA_RESTART|SA_SIGINFO
SIGXFSZ: [libjvm.so+0x956cf0], sa_mask[0]=11111111111111111111111111111110, sa_flags=SA_RESTART|SA_SIGINFO
SIGILL: [libjvm.so+0x956cf0], sa_mask[0]=11111111111111111111111111111110, sa_flags=SA_RESTART|SA_SIGINFO
SIGUSR1: SIG_DFL, sa_mask[0]=00000000000000000000000000000000, sa_flags=none
SIGUSR2: [libjvm.so+0x956ba0], sa_mask[0]=00000000000000000000000000000000, sa_flags=SA_RESTART|SA_SIGINFO
SIGHUP: [libjvm.so+0x957230], sa_mask[0]=11111111111111111111111111111110, sa_flags=SA_RESTART|SA_SIGINFO
SIGINT: [libjvm.so+0x957230], sa_mask[0]=11111111111111111111111111111110, sa_flags=SA_RESTART|SA_SIGINFO
SIGTERM: [libjvm.so+0x957230], sa_mask[0]=11111111111111111111111111111110, sa_flags=SA_RESTART|SA_SIGINFO
SIGQUIT: [libjvm.so+0x957230], sa_mask[0]=11111111111111111111111111111110, sa_flags=SA_RESTART|SA_SIGINFO


---------------  S Y S T E M  ---------------

OS:DISTRIB_ID=Ubuntu
DISTRIB_RELEASE=16.04
DISTRIB_CODENAME=xenial
DISTRIB_DESCRIPTION="Ubuntu 16.04.7 LTS"

uname:Linux 6.6.31-linuxkit #1 SMP Thu May 23 08:36:57 UTC 2024 x86_64
libc:glibc 2.23 NPTL 2.23 
rlimit: STACK 8192k, CORE 0k, NPROC infinity, NOFILE 1048576, AS infinity
load average:0.70 0.42 0.38

/proc/meminfo:
MemTotal:        8029248 kB
MemFree:         6605512 kB
MemAvailable:    6819040 kB
Buffers:           61228 kB
Cached:           298960 kB
SwapCached:            0 kB
Active:          1148900 kB
Inactive:         119020 kB
Active(anon):     918388 kB
Inactive(anon):        0 kB
Active(file):     230512 kB
Inactive(file):   119020 kB
Unevictable:           0 kB
Mlocked:               0 kB
SwapTotal:       1048572 kB
SwapFree:        1048572 kB
Zswap:                 0 kB
Zswapped:              0 kB
Dirty:               340 kB
Writeback:             0 kB
AnonPages:        906576 kB
Mapped:           142552 kB
Shmem:             10596 kB
KReclaimable:      21056 kB
Slab:              60896 kB
SReclaimable:      21056 kB
SUnreclaim:        39840 kB
KernelStack:        4992 kB
PageTables:         3568 kB
SecPageTables:         0 kB
NFS_Unstable:          0 kB
Bounce:                0 kB
WritebackTmp:          0 kB
CommitLimit:     5063196 kB
Committed_AS:    2469796 kB
VmallocTotal:   133141626880 kB
VmallocUsed:        2456 kB
VmallocChunk:          0 kB
Percpu:             2464 kB
AnonHugePages:    729088 kB
ShmemHugePages:        0 kB
ShmemPmdMapped:        0 kB
FileHugePages:         0 kB
FilePmdMapped:         0 kB
HugePages_Total:       0
HugePages_Free:        0
HugePages_Rsvd:        0
HugePages_Surp:        0
Hugepagesize:       2048 kB
Hugetlb:               0 kB


CPU:total 8 (initial active 8) (1 cores per cpu, 1 threads per core) family 6 model 44 stepping 0, cmov, cx8, fxsr, mmx, sse, sse2, sse3, ssse3, sse4.1, sse4.2, popcnt, aes, clmul, tsc, tscinvbit, tscinv

/proc/cpuinfo:
processor	: 0
BogoMIPS	: 48.00
Features	: fp asimd evtstrm aes pmull sha1 sha2 crc32 atomics fphp asimdhp cpuid asimdrdm jscvt fcma lrcpc dcpop sha3 asimddp sha512 asimdfhm dit uscat ilrcpc flagm ssbs sb paca pacg dcpodp flagm2 frint
CPU implementer	: 0x61
CPU architecture: 8
CPU variant	: 0x0
CPU part	: 0x000
CPU revision	: 0

processor	: 1
BogoMIPS	: 48.00
Features	: fp asimd evtstrm aes pmull sha1 sha2 crc32 atomics fphp asimdhp cpuid asimdrdm jscvt fcma lrcpc dcpop sha3 asimddp sha512 asimdfhm dit uscat ilrcpc flagm ssbs sb paca pacg dcpodp flagm2 frint
CPU implementer	: 0x61
CPU architecture: 8
CPU variant	: 0x0
CPU part	: 0x000
CPU revision	: 0

processor	: 2
BogoMIPS	: 48.00
Features	: fp asimd evtstrm aes pmull sha1 sha2 crc32 atomics fphp asimdhp cpuid asimdrdm jscvt fcma lrcpc dcpop sha3 asimddp sha512 asimdfhm dit uscat ilrcpc flagm ssbs sb paca pacg dcpodp flagm2 frint
CPU implementer	: 0x61
CPU architecture: 8
CPU variant	: 0x0
CPU part	: 0x000
CPU revision	: 0

processor	: 3
BogoMIPS	: 48.00
Features	: fp asimd evtstrm aes pmull sha1 sha2 crc32 atomics fphp asimdhp cpuid asimdrdm jscvt fcma lrcpc dcpop sha3 asimddp sha512 asimdfhm dit uscat ilrcpc flagm ssbs sb paca pacg dcpodp flagm2 frint
CPU implementer	: 0x61
CPU architecture: 8
CPU variant	: 0x0
CPU part	: 0x000
CPU revision	: 0

processor	: 4
BogoMIPS	: 48.00
Features	: fp asimd evtstrm aes pmull sha1 sha2 crc32 atomics fphp asimdhp cpuid asimdrdm jscvt fcma lrcpc dcpop sha3 asimddp sha512 asimdfhm dit uscat ilrcpc flagm ssbs sb paca pacg dcpodp flagm2 frint
CPU implementer	: 0x61
CPU architecture: 8
CPU variant	: 0x0
CPU part	: 0x000
CPU revision	: 0

processor	: 5
BogoMIPS	: 48.00
Features	: fp asimd evtstrm aes pmull sha1 sha2 crc32 atomics fphp asimdhp cpuid asimdrdm jscvt fcma lrcpc dcpop sha3 asimddp sha512 asimdfhm dit uscat ilrcpc flagm ssbs sb paca pacg dcpodp flagm2 frint
CPU implementer	: 0x61
CPU architecture: 8
CPU variant	: 0x0
CPU part	: 0x000
CPU revision	: 0

processor	: 6
BogoMIPS	: 48.00
Features	: fp asimd evtstrm aes pmull sha1 sha2 crc32 atomics fphp asimdhp cpuid asimdrdm jscvt fcma lrcpc dcpop sha3 asimddp sha512 asimdfhm dit uscat ilrcpc flagm ssbs sb paca pacg dcpodp flagm2 frint
CPU implementer	: 0x61
CPU architecture: 8
CPU variant	: 0x0
CPU part	: 0x000
CPU revision	: 0

processor	: 7
BogoMIPS	: 48.00
Features	: fp asimd evtstrm aes pmull sha1 sha2 crc32 atomics fphp asimdhp cpuid asimdrdm jscvt fcma lrcpc dcpop sha3 asimddp sha512 asimdfhm dit uscat ilrcpc flagm ssbs sb paca pacg dcpodp flagm2 frint
CPU implementer	: 0x61
CPU architecture: 8
CPU variant	: 0x0
CPU part	: 0x000
CPU revision	: 0



Memory: 4k page, physical 8029248k(6605512k free), swap 1048572k(1048572k free)

vm_info: OpenJDK 64-Bit Server VM (25.292-b10) for linux-amd64 JRE (1.8.0_292-8u292-b10-0ubuntu1~16.04.1-b10), built on Apr 21 2021 12:47:35 by "buildd" with gcc 5.4.0 20160609

time: Wed Aug 14 15:53:43 2024
timezone: UTC
elapsed time: 9.442781 seconds (0d 0h 0m 9s)

